CRITICAL - 2024-11-17 03:32:05 --> CodeIgniter\View\Exceptions\ViewException: Invalid file: "component/sidebar_director.php"
[Method: GET, Route: director/news]
in SYSTEMPATH\Exceptions\FrameworkException.php on line 41.
 1 SYSTEMPATH\View\View.php(222): CodeIgniter\Exceptions\FrameworkException::forInvalidFile('component/sidebar_director.php')
 2 SYSTEMPATH\Common.php(1171): CodeIgniter\View\View->render('component/sidebar_director', [], true)
 3 APPPATH\Views\director\news.php(4): view('component/sidebar_director')
 4 SYSTEMPATH\View\View.php(234): include('C:\\xampp\\htdocs\\sms\\app\\Views\\director\\news.php')
 5 SYSTEMPATH\View\View.php(237): CodeIgniter\View\View->CodeIgniter\View\{closure}()
 6 SYSTEMPATH\Common.php(1171): CodeIgniter\View\View->render('director/news', [], true)
 7 APPPATH\Controllers\DirectorController.php(16): view('director/news')
 8 SYSTEMPATH\CodeIgniter.php(933): App\Controllers\DirectorController->news()
 9 SYSTEMPATH\CodeIgniter.php(509): CodeIgniter\CodeIgniter->runController(Object(App\Controllers\DirectorController))
10 SYSTEMPATH\CodeIgniter.php(355): CodeIgniter\CodeIgniter->handleRequest(null, Object(Config\Cache), false)
11 SYSTEMPATH\Boot.php(325): CodeIgniter\CodeIgniter->run()
12 SYSTEMPATH\Boot.php(67): CodeIgniter\Boot::runCodeIgniter(Object(CodeIgniter\CodeIgniter))
13 FCPATH\index.php(56): CodeIgniter\Boot::bootWeb(Object(Config\Paths))
CRITICAL - 2024-11-17 03:32:08 --> CodeIgniter\View\Exceptions\ViewException: Invalid file: "component/sidebar_director.php"
[Method: GET, Route: director/news]
in SYSTEMPATH\Exceptions\FrameworkException.php on line 41.
 1 SYSTEMPATH\View\View.php(222): CodeIgniter\Exceptions\FrameworkException::forInvalidFile('component/sidebar_director.php')
 2 SYSTEMPATH\Common.php(1171): CodeIgniter\View\View->render('component/sidebar_director', [], true)
 3 APPPATH\Views\director\news.php(4): view('component/sidebar_director')
 4 SYSTEMPATH\View\View.php(234): include('C:\\xampp\\htdocs\\sms\\app\\Views\\director\\news.php')
 5 SYSTEMPATH\View\View.php(237): CodeIgniter\View\View->CodeIgniter\View\{closure}()
 6 SYSTEMPATH\Common.php(1171): CodeIgniter\View\View->render('director/news', [], true)
 7 APPPATH\Controllers\DirectorController.php(16): view('director/news')
 8 SYSTEMPATH\CodeIgniter.php(933): App\Controllers\DirectorController->news()
 9 SYSTEMPATH\CodeIgniter.php(509): CodeIgniter\CodeIgniter->runController(Object(App\Controllers\DirectorController))
10 SYSTEMPATH\CodeIgniter.php(355): CodeIgniter\CodeIgniter->handleRequest(null, Object(Config\Cache), false)
11 SYSTEMPATH\Boot.php(325): CodeIgniter\CodeIgniter->run()
12 SYSTEMPATH\Boot.php(67): CodeIgniter\Boot::runCodeIgniter(Object(CodeIgniter\CodeIgniter))
13 FCPATH\index.php(56): CodeIgniter\Boot::bootWeb(Object(Config\Paths))
CRITICAL - 2024-11-17 03:32:10 --> CodeIgniter\View\Exceptions\ViewException: Invalid file: "component/sidebar_director.php"
[Method: GET, Route: director/news]
in SYSTEMPATH\Exceptions\FrameworkException.php on line 41.
 1 SYSTEMPATH\View\View.php(222): CodeIgniter\Exceptions\FrameworkException::forInvalidFile('component/sidebar_director.php')
 2 SYSTEMPATH\Common.php(1171): CodeIgniter\View\View->render('component/sidebar_director', [], true)
 3 APPPATH\Views\director\news.php(4): view('component/sidebar_director')
 4 SYSTEMPATH\View\View.php(234): include('C:\\xampp\\htdocs\\sms\\app\\Views\\director\\news.php')
 5 SYSTEMPATH\View\View.php(237): CodeIgniter\View\View->CodeIgniter\View\{closure}()
 6 SYSTEMPATH\Common.php(1171): CodeIgniter\View\View->render('director/news', [], true)
 7 APPPATH\Controllers\DirectorController.php(16): view('director/news')
 8 SYSTEMPATH\CodeIgniter.php(933): App\Controllers\DirectorController->news()
 9 SYSTEMPATH\CodeIgniter.php(509): CodeIgniter\CodeIgniter->runController(Object(App\Controllers\DirectorController))
10 SYSTEMPATH\CodeIgniter.php(355): CodeIgniter\CodeIgniter->handleRequest(null, Object(Config\Cache), false)
11 SYSTEMPATH\Boot.php(325): CodeIgniter\CodeIgniter->run()
12 SYSTEMPATH\Boot.php(67): CodeIgniter\Boot::runCodeIgniter(Object(CodeIgniter\CodeIgniter))
13 FCPATH\index.php(56): CodeIgniter\Boot::bootWeb(Object(Config\Paths))
CRITICAL - 2024-11-17 03:32:54 --> CodeIgniter\View\Exceptions\ViewException: Invalid file: "component/sidebar_director.php"
[Method: GET, Route: director/news]
in SYSTEMPATH\Exceptions\FrameworkException.php on line 41.
 1 SYSTEMPATH\View\View.php(222): CodeIgniter\Exceptions\FrameworkException::forInvalidFile('component/sidebar_director.php')
 2 SYSTEMPATH\Common.php(1171): CodeIgniter\View\View->render('component/sidebar_director', [], true)
 3 APPPATH\Views\director\news.php(4): view('component/sidebar_director')
 4 SYSTEMPATH\View\View.php(234): include('C:\\xampp\\htdocs\\sms\\app\\Views\\director\\news.php')
 5 SYSTEMPATH\View\View.php(237): CodeIgniter\View\View->CodeIgniter\View\{closure}()
 6 SYSTEMPATH\Common.php(1171): CodeIgniter\View\View->render('director/news', [], true)
 7 APPPATH\Controllers\DirectorController.php(16): view('director/news')
 8 SYSTEMPATH\CodeIgniter.php(933): App\Controllers\DirectorController->news()
 9 SYSTEMPATH\CodeIgniter.php(509): CodeIgniter\CodeIgniter->runController(Object(App\Controllers\DirectorController))
10 SYSTEMPATH\CodeIgniter.php(355): CodeIgniter\CodeIgniter->handleRequest(null, Object(Config\Cache), false)
11 SYSTEMPATH\Boot.php(325): CodeIgniter\CodeIgniter->run()
12 SYSTEMPATH\Boot.php(67): CodeIgniter\Boot::runCodeIgniter(Object(CodeIgniter\CodeIgniter))
13 FCPATH\index.php(56): CodeIgniter\Boot::bootWeb(Object(Config\Paths))
CRITICAL - 2024-11-17 03:33:05 --> CodeIgniter\View\Exceptions\ViewException: Invalid file: "component/sidebar_director.php"
[Method: GET, Route: director/news]
in SYSTEMPATH\Exceptions\FrameworkException.php on line 41.
 1 SYSTEMPATH\View\View.php(222): CodeIgniter\Exceptions\FrameworkException::forInvalidFile('component/sidebar_director.php')
 2 SYSTEMPATH\Common.php(1171): CodeIgniter\View\View->render('component/sidebar_director', [], true)
 3 APPPATH\Views\director\news.php(4): view('component/sidebar_director')
 4 SYSTEMPATH\View\View.php(234): include('C:\\xampp\\htdocs\\sms\\app\\Views\\director\\news.php')
 5 SYSTEMPATH\View\View.php(237): CodeIgniter\View\View->CodeIgniter\View\{closure}()
 6 SYSTEMPATH\Common.php(1171): CodeIgniter\View\View->render('director/news', [], true)
 7 APPPATH\Controllers\DirectorController.php(16): view('director/news')
 8 SYSTEMPATH\CodeIgniter.php(933): App\Controllers\DirectorController->news()
 9 SYSTEMPATH\CodeIgniter.php(509): CodeIgniter\CodeIgniter->runController(Object(App\Controllers\DirectorController))
10 SYSTEMPATH\CodeIgniter.php(355): CodeIgniter\CodeIgniter->handleRequest(null, Object(Config\Cache), false)
11 SYSTEMPATH\Boot.php(325): CodeIgniter\CodeIgniter->run()
12 SYSTEMPATH\Boot.php(67): CodeIgniter\Boot::runCodeIgniter(Object(CodeIgniter\CodeIgniter))
13 FCPATH\index.php(56): CodeIgniter\Boot::bootWeb(Object(Config\Paths))
