CRITICAL - 2024-11-14 15:45:13 --> CodeIgniter\View\Exceptions\ViewException: Invalid file: "components/sidebar.php"
[Method: GET, Route: student/score]
in SYSTEMPATH\Exceptions\FrameworkException.php on line 41.
 1 SYSTEMPATH\View\View.php(222): CodeIgniter\Exceptions\FrameworkException::forInvalidFile('components/sidebar.php')
 2 SYSTEMPATH\Common.php(1171): CodeIgniter\View\View->render('components/sidebar', [], true)
 3 APPPATH\Views\student\score.php(3): view('components/sidebar')
 4 SYSTEMPATH\View\View.php(234): include('C:\\xampp\\htdocs\\sms\\app\\Views\\student\\score.php')
 5 SYSTEMPATH\View\View.php(237): CodeIgniter\View\View->CodeIgniter\View\{closure}()
 6 SYSTEMPATH\Common.php(1171): CodeIgniter\View\View->render('student/score', [], true)
 7 APPPATH\Controllers\Student\StudentController.php(11): view('student/score')
 8 SYSTEMPATH\CodeIgniter.php(933): App\Controllers\Student\StudentController->score()
 9 SYSTEMPATH\CodeIgniter.php(509): CodeIgniter\CodeIgniter->runController(Object(App\Controllers\Student\StudentController))
10 SYSTEMPATH\CodeIgniter.php(355): CodeIgniter\CodeIgniter->handleRequest(null, Object(Config\Cache), false)
11 SYSTEMPATH\Boot.php(325): CodeIgniter\CodeIgniter->run()
12 SYSTEMPATH\Boot.php(67): CodeIgniter\Boot::runCodeIgniter(Object(CodeIgniter\CodeIgniter))
13 FCPATH\index.php(56): CodeIgniter\Boot::bootWeb(Object(Config\Paths))
CRITICAL - 2024-11-14 15:45:42 --> CodeIgniter\View\Exceptions\ViewException: Invalid file: "components/sidebar.php"
[Method: GET, Route: student/score]
in SYSTEMPATH\Exceptions\FrameworkException.php on line 41.
 1 SYSTEMPATH\View\View.php(222): CodeIgniter\Exceptions\FrameworkException::forInvalidFile('components/sidebar.php')
 2 SYSTEMPATH\Common.php(1171): CodeIgniter\View\View->render('components/sidebar', [], true)
 3 APPPATH\Views\student\score.php(3): view('components/sidebar')
 4 SYSTEMPATH\View\View.php(234): include('C:\\xampp\\htdocs\\sms\\app\\Views\\student\\score.php')
 5 SYSTEMPATH\View\View.php(237): CodeIgniter\View\View->CodeIgniter\View\{closure}()
 6 SYSTEMPATH\Common.php(1171): CodeIgniter\View\View->render('student/score', [], true)
 7 APPPATH\Controllers\Student\StudentController.php(11): view('student/score')
 8 SYSTEMPATH\CodeIgniter.php(933): App\Controllers\Student\StudentController->score()
 9 SYSTEMPATH\CodeIgniter.php(509): CodeIgniter\CodeIgniter->runController(Object(App\Controllers\Student\StudentController))
10 SYSTEMPATH\CodeIgniter.php(355): CodeIgniter\CodeIgniter->handleRequest(null, Object(Config\Cache), false)
11 SYSTEMPATH\Boot.php(325): CodeIgniter\CodeIgniter->run()
12 SYSTEMPATH\Boot.php(67): CodeIgniter\Boot::runCodeIgniter(Object(CodeIgniter\CodeIgniter))
13 FCPATH\index.php(56): CodeIgniter\Boot::bootWeb(Object(Config\Paths))
CRITICAL - 2024-11-14 15:46:09 --> CodeIgniter\View\Exceptions\ViewException: Invalid file: "components/sidebar.php"
[Method: GET, Route: student/score]
in SYSTEMPATH\Exceptions\FrameworkException.php on line 41.
 1 SYSTEMPATH\View\View.php(222): CodeIgniter\Exceptions\FrameworkException::forInvalidFile('components/sidebar.php')
 2 SYSTEMPATH\Common.php(1171): CodeIgniter\View\View->render('components/sidebar', [], true)
 3 APPPATH\Views\student\score.php(3): view('components/sidebar')
 4 SYSTEMPATH\View\View.php(234): include('C:\\xampp\\htdocs\\sms\\app\\Views\\student\\score.php')
 5 SYSTEMPATH\View\View.php(237): CodeIgniter\View\View->CodeIgniter\View\{closure}()
 6 SYSTEMPATH\Common.php(1171): CodeIgniter\View\View->render('student/score', [], true)
 7 APPPATH\Controllers\Student\StudentController.php(11): view('student/score')
 8 SYSTEMPATH\CodeIgniter.php(933): App\Controllers\Student\StudentController->score()
 9 SYSTEMPATH\CodeIgniter.php(509): CodeIgniter\CodeIgniter->runController(Object(App\Controllers\Student\StudentController))
10 SYSTEMPATH\CodeIgniter.php(355): CodeIgniter\CodeIgniter->handleRequest(null, Object(Config\Cache), false)
11 SYSTEMPATH\Boot.php(325): CodeIgniter\CodeIgniter->run()
12 SYSTEMPATH\Boot.php(67): CodeIgniter\Boot::runCodeIgniter(Object(CodeIgniter\CodeIgniter))
13 FCPATH\index.php(56): CodeIgniter\Boot::bootWeb(Object(Config\Paths))
CRITICAL - 2024-11-14 15:46:35 --> CodeIgniter\View\Exceptions\ViewException: Invalid file: "components/sidebar.php"
[Method: GET, Route: student/score]
in SYSTEMPATH\Exceptions\FrameworkException.php on line 41.
 1 SYSTEMPATH\View\View.php(222): CodeIgniter\Exceptions\FrameworkException::forInvalidFile('components/sidebar.php')
 2 SYSTEMPATH\Common.php(1171): CodeIgniter\View\View->render('components/sidebar', [], true)
 3 APPPATH\Views\student\score.php(3): view('components/sidebar')
 4 SYSTEMPATH\View\View.php(234): include('C:\\xampp\\htdocs\\sms\\app\\Views\\student\\score.php')
 5 SYSTEMPATH\View\View.php(237): CodeIgniter\View\View->CodeIgniter\View\{closure}()
 6 SYSTEMPATH\Common.php(1171): CodeIgniter\View\View->render('student/score', [], true)
 7 APPPATH\Controllers\Student\StudentController.php(11): view('student/score')
 8 SYSTEMPATH\CodeIgniter.php(933): App\Controllers\Student\StudentController->score()
 9 SYSTEMPATH\CodeIgniter.php(509): CodeIgniter\CodeIgniter->runController(Object(App\Controllers\Student\StudentController))
10 SYSTEMPATH\CodeIgniter.php(355): CodeIgniter\CodeIgniter->handleRequest(null, Object(Config\Cache), false)
11 SYSTEMPATH\Boot.php(325): CodeIgniter\CodeIgniter->run()
12 SYSTEMPATH\Boot.php(67): CodeIgniter\Boot::runCodeIgniter(Object(CodeIgniter\CodeIgniter))
13 FCPATH\index.php(56): CodeIgniter\Boot::bootWeb(Object(Config\Paths))
CRITICAL - 2024-11-14 15:46:53 --> CodeIgniter\View\Exceptions\ViewException: Invalid file: "components/sidebar.php"
[Method: GET, Route: student/score]
in SYSTEMPATH\Exceptions\FrameworkException.php on line 41.
 1 SYSTEMPATH\View\View.php(222): CodeIgniter\Exceptions\FrameworkException::forInvalidFile('components/sidebar.php')
 2 SYSTEMPATH\Common.php(1171): CodeIgniter\View\View->render('components/sidebar', [], true)
 3 APPPATH\Views\student\score.php(3): view('components/sidebar')
 4 SYSTEMPATH\View\View.php(234): include('C:\\xampp\\htdocs\\sms\\app\\Views\\student\\score.php')
 5 SYSTEMPATH\View\View.php(237): CodeIgniter\View\View->CodeIgniter\View\{closure}()
 6 SYSTEMPATH\Common.php(1171): CodeIgniter\View\View->render('student/score', [], true)
 7 APPPATH\Controllers\Student\StudentController.php(11): view('student/score')
 8 SYSTEMPATH\CodeIgniter.php(933): App\Controllers\Student\StudentController->score()
 9 SYSTEMPATH\CodeIgniter.php(509): CodeIgniter\CodeIgniter->runController(Object(App\Controllers\Student\StudentController))
10 SYSTEMPATH\CodeIgniter.php(355): CodeIgniter\CodeIgniter->handleRequest(null, Object(Config\Cache), false)
11 SYSTEMPATH\Boot.php(325): CodeIgniter\CodeIgniter->run()
12 SYSTEMPATH\Boot.php(67): CodeIgniter\Boot::runCodeIgniter(Object(CodeIgniter\CodeIgniter))
13 FCPATH\index.php(56): CodeIgniter\Boot::bootWeb(Object(Config\Paths))
CRITICAL - 2024-11-14 15:47:00 --> CodeIgniter\View\Exceptions\ViewException: Invalid file: "components/sidebar.php"
[Method: GET, Route: student/score]
in SYSTEMPATH\Exceptions\FrameworkException.php on line 41.
 1 SYSTEMPATH\View\View.php(222): CodeIgniter\Exceptions\FrameworkException::forInvalidFile('components/sidebar.php')
 2 SYSTEMPATH\Common.php(1171): CodeIgniter\View\View->render('components/sidebar', [], true)
 3 APPPATH\Views\student\score.php(3): view('components/sidebar')
 4 SYSTEMPATH\View\View.php(234): include('C:\\xampp\\htdocs\\sms\\app\\Views\\student\\score.php')
 5 SYSTEMPATH\View\View.php(237): CodeIgniter\View\View->CodeIgniter\View\{closure}()
 6 SYSTEMPATH\Common.php(1171): CodeIgniter\View\View->render('student/score', [], true)
 7 APPPATH\Controllers\Student\StudentController.php(11): view('student/score')
 8 SYSTEMPATH\CodeIgniter.php(933): App\Controllers\Student\StudentController->score()
 9 SYSTEMPATH\CodeIgniter.php(509): CodeIgniter\CodeIgniter->runController(Object(App\Controllers\Student\StudentController))
10 SYSTEMPATH\CodeIgniter.php(355): CodeIgniter\CodeIgniter->handleRequest(null, Object(Config\Cache), false)
11 SYSTEMPATH\Boot.php(325): CodeIgniter\CodeIgniter->run()
12 SYSTEMPATH\Boot.php(67): CodeIgniter\Boot::runCodeIgniter(Object(CodeIgniter\CodeIgniter))
13 FCPATH\index.php(56): CodeIgniter\Boot::bootWeb(Object(Config\Paths))
CRITICAL - 2024-11-14 15:48:30 --> CodeIgniter\View\Exceptions\ViewException: Invalid file: "components/sidebar.php"
[Method: GET, Route: student/score]
in SYSTEMPATH\Exceptions\FrameworkException.php on line 41.
 1 SYSTEMPATH\View\View.php(222): CodeIgniter\Exceptions\FrameworkException::forInvalidFile('components/sidebar.php')
 2 SYSTEMPATH\Common.php(1171): CodeIgniter\View\View->render('components/sidebar', [], true)
 3 APPPATH\Views\student\score.php(3): view('components/sidebar')
 4 SYSTEMPATH\View\View.php(234): include('C:\\xampp\\htdocs\\sms\\app\\Views\\student\\score.php')
 5 SYSTEMPATH\View\View.php(237): CodeIgniter\View\View->CodeIgniter\View\{closure}()
 6 SYSTEMPATH\Common.php(1171): CodeIgniter\View\View->render('student/score', [], true)
 7 APPPATH\Controllers\Student\StudentController.php(11): view('student/score')
 8 SYSTEMPATH\CodeIgniter.php(933): App\Controllers\Student\StudentController->score()
 9 SYSTEMPATH\CodeIgniter.php(509): CodeIgniter\CodeIgniter->runController(Object(App\Controllers\Student\StudentController))
10 SYSTEMPATH\CodeIgniter.php(355): CodeIgniter\CodeIgniter->handleRequest(null, Object(Config\Cache), false)
11 SYSTEMPATH\Boot.php(325): CodeIgniter\CodeIgniter->run()
12 SYSTEMPATH\Boot.php(67): CodeIgniter\Boot::runCodeIgniter(Object(CodeIgniter\CodeIgniter))
13 FCPATH\index.php(56): CodeIgniter\Boot::bootWeb(Object(Config\Paths))
