ERROR - 2024-12-06 01:04:54 --> Error connecting to the database: mysqli_sql_exception: Unknown database 'sms' in C:\xampp\htdocs\sms\system\Database\MySQLi\Connection.php:186
Stack trace:
#0 C:\xampp\htdocs\sms\system\Database\MySQLi\Connection.php(186): mysqli->real_connect('localhost', 'root', Object(SensitiveParameterValue), 'sms', 3306, '', 0)
#1 C:\xampp\htdocs\sms\system\Database\BaseConnection.php(421): CodeIgniter\Database\MySQLi\Connection->connect(false)
#2 C:\xampp\htdocs\sms\system\Database\BaseConnection.php(616): CodeIgniter\Database\BaseConnection->initialize()
#3 C:\xampp\htdocs\sms\system\Database\BaseBuilder.php(1644): CodeIgniter\Database\BaseConnection->query('SELECT `hocsinh...', Array, false)
#4 C:\xampp\htdocs\sms\system\Model.php(286): CodeIgniter\Database\BaseBuilder->get()
#5 C:\xampp\htdocs\sms\system\BaseModel.php(676): CodeIgniter\Model->doFindAll(0, 0)
#6 C:\xampp\htdocs\sms\app\Controllers\DirectorController.php(92): CodeIgniter\BaseModel->findAll()
#7 C:\xampp\htdocs\sms\system\CodeIgniter.php(933): App\Controllers\DirectorController->studentList()
#8 C:\xampp\htdocs\sms\system\CodeIgniter.php(509): CodeIgniter\CodeIgniter->runController(Object(App\Controllers\DirectorController))
#9 C:\xampp\htdocs\sms\system\CodeIgniter.php(355): CodeIgniter\CodeIgniter->handleRequest(NULL, Object(Config\Cache), false)
#10 C:\xampp\htdocs\sms\system\Boot.php(325): CodeIgniter\CodeIgniter->run()
#11 C:\xampp\htdocs\sms\system\Boot.php(67): CodeIgniter\Boot::runCodeIgniter(Object(CodeIgniter\CodeIgniter))
#12 C:\xampp\htdocs\sms\public\index.php(56): CodeIgniter\Boot::bootWeb(Object(Config\Paths))
#13 {main}

Next CodeIgniter\Database\Exceptions\DatabaseException: Unknown database 'sms' in C:\xampp\htdocs\sms\system\Database\MySQLi\Connection.php:231
Stack trace:
#0 C:\xampp\htdocs\sms\system\Database\BaseConnection.php(421): CodeIgniter\Database\MySQLi\Connection->connect(false)
#1 C:\xampp\htdocs\sms\system\Database\BaseConnection.php(616): CodeIgniter\Database\BaseConnection->initialize()
#2 C:\xampp\htdocs\sms\system\Database\BaseBuilder.php(1644): CodeIgniter\Database\BaseConnection->query('SELECT `hocsinh...', Array, false)
#3 C:\xampp\htdocs\sms\system\Model.php(286): CodeIgniter\Database\BaseBuilder->get()
#4 C:\xampp\htdocs\sms\system\BaseModel.php(676): CodeIgniter\Model->doFindAll(0, 0)
#5 C:\xampp\htdocs\sms\app\Controllers\DirectorController.php(92): CodeIgniter\BaseModel->findAll()
#6 C:\xampp\htdocs\sms\system\CodeIgniter.php(933): App\Controllers\DirectorController->studentList()
#7 C:\xampp\htdocs\sms\system\CodeIgniter.php(509): CodeIgniter\CodeIgniter->runController(Object(App\Controllers\DirectorController))
#8 C:\xampp\htdocs\sms\system\CodeIgniter.php(355): CodeIgniter\CodeIgniter->handleRequest(NULL, Object(Config\Cache), false)
#9 C:\xampp\htdocs\sms\system\Boot.php(325): CodeIgniter\CodeIgniter->run()
#10 C:\xampp\htdocs\sms\system\Boot.php(67): CodeIgniter\Boot::runCodeIgniter(Object(CodeIgniter\CodeIgniter))
#11 C:\xampp\htdocs\sms\public\index.php(56): CodeIgniter\Boot::bootWeb(Object(Config\Paths))
#12 {main}
CRITICAL - 2024-12-06 01:04:54 --> CodeIgniter\Database\Exceptions\DatabaseException: Unable to connect to the database.
Main connection [MySQLi]: Unknown database 'sms'
[Method: GET, Route: director/student/list]
in SYSTEMPATH\Database\BaseConnection.php on line 467.
 1 SYSTEMPATH\Database\BaseConnection.php(616): CodeIgniter\Database\BaseConnection->initialize()
 2 SYSTEMPATH\Database\BaseBuilder.php(1644): CodeIgniter\Database\BaseConnection->query('SELECT `hocsinh`.*, `taikhoan`.`HoTen`, `taikhoan`.`Email`, `taikhoan`.`SoDienThoai`, `taikhoan`.`GioiTinh`, `taikhoan`.`NgaySinh`, `hocsinh_lop`.`MaLop`
FROM `hocsinh`
JOIN `taikhoan` ON `taikhoan`.`MaTK` = `hocsinh`.`MaTK`
JOIN `hocsinh_lop` ON `hocsinh`.`MaHS` = `hocsinh_lop`.`MaHS`', [], false)
 3 SYSTEMPATH\Model.php(286): CodeIgniter\Database\BaseBuilder->get()
 4 SYSTEMPATH\BaseModel.php(676): CodeIgniter\Model->doFindAll(0, 0)
 5 APPPATH\Controllers\DirectorController.php(92): CodeIgniter\BaseModel->findAll()
 6 SYSTEMPATH\CodeIgniter.php(933): App\Controllers\DirectorController->studentList()
 7 SYSTEMPATH\CodeIgniter.php(509): CodeIgniter\CodeIgniter->runController(Object(App\Controllers\DirectorController))
 8 SYSTEMPATH\CodeIgniter.php(355): CodeIgniter\CodeIgniter->handleRequest(null, Object(Config\Cache), false)
 9 SYSTEMPATH\Boot.php(325): CodeIgniter\CodeIgniter->run()
10 SYSTEMPATH\Boot.php(67): CodeIgniter\Boot::runCodeIgniter(Object(CodeIgniter\CodeIgniter))
11 FCPATH\index.php(56): CodeIgniter\Boot::bootWeb(Object(Config\Paths))
ERROR - 2024-12-06 01:11:47 --> mysqli_sql_exception: Table 'sms.hocsinh' doesn't exist in C:\xampp\htdocs\sms\system\Database\MySQLi\Connection.php:312
Stack trace:
#0 C:\xampp\htdocs\sms\system\Database\MySQLi\Connection.php(312): mysqli->query('SELECT `hocsinh...', 0)
#1 C:\xampp\htdocs\sms\system\Database\BaseConnection.php(734): CodeIgniter\Database\MySQLi\Connection->execute('SELECT `hocsinh...')
#2 C:\xampp\htdocs\sms\system\Database\BaseConnection.php(648): CodeIgniter\Database\BaseConnection->simpleQuery('SELECT `hocsinh...')
#3 C:\xampp\htdocs\sms\system\Database\BaseBuilder.php(1644): CodeIgniter\Database\BaseConnection->query('SELECT `hocsinh...', Array, false)
#4 C:\xampp\htdocs\sms\system\Model.php(286): CodeIgniter\Database\BaseBuilder->get()
#5 C:\xampp\htdocs\sms\system\BaseModel.php(676): CodeIgniter\Model->doFindAll(0, 0)
#6 C:\xampp\htdocs\sms\app\Controllers\DirectorController.php(92): CodeIgniter\BaseModel->findAll()
#7 C:\xampp\htdocs\sms\system\CodeIgniter.php(933): App\Controllers\DirectorController->studentList()
#8 C:\xampp\htdocs\sms\system\CodeIgniter.php(509): CodeIgniter\CodeIgniter->runController(Object(App\Controllers\DirectorController))
#9 C:\xampp\htdocs\sms\system\CodeIgniter.php(355): CodeIgniter\CodeIgniter->handleRequest(NULL, Object(Config\Cache), false)
#10 C:\xampp\htdocs\sms\system\Boot.php(325): CodeIgniter\CodeIgniter->run()
#11 C:\xampp\htdocs\sms\system\Boot.php(67): CodeIgniter\Boot::runCodeIgniter(Object(CodeIgniter\CodeIgniter))
#12 C:\xampp\htdocs\sms\public\index.php(56): CodeIgniter\Boot::bootWeb(Object(Config\Paths))
#13 {main}
CRITICAL - 2024-12-06 01:11:47 --> CodeIgniter\Database\Exceptions\DatabaseException: Table 'sms.hocsinh' doesn't exist
[Method: GET, Route: director/student/list]
in SYSTEMPATH\Database\BaseConnection.php on line 688.
 1 SYSTEMPATH\Database\BaseBuilder.php(1644): CodeIgniter\Database\BaseConnection->query('SELECT `hocsinh`.*, `taikhoan`.`HoTen`, `taikhoan`.`Email`, `taikhoan`.`SoDienThoai`, `taikhoan`.`GioiTinh`, `taikhoan`.`NgaySinh`, `hocsinh_lop`.`MaLop`
FROM `hocsinh`
JOIN `taikhoan` ON `taikhoan`.`MaTK` = `hocsinh`.`MaTK`
JOIN `hocsinh_lop` ON `hocsinh`.`MaHS` = `hocsinh_lop`.`MaHS`', [], false)
 2 SYSTEMPATH\Model.php(286): CodeIgniter\Database\BaseBuilder->get()
 3 SYSTEMPATH\BaseModel.php(676): CodeIgniter\Model->doFindAll(0, 0)
 4 APPPATH\Controllers\DirectorController.php(92): CodeIgniter\BaseModel->findAll()
 5 SYSTEMPATH\CodeIgniter.php(933): App\Controllers\DirectorController->studentList()
 6 SYSTEMPATH\CodeIgniter.php(509): CodeIgniter\CodeIgniter->runController(Object(App\Controllers\DirectorController))
 7 SYSTEMPATH\CodeIgniter.php(355): CodeIgniter\CodeIgniter->handleRequest(null, Object(Config\Cache), false)
 8 SYSTEMPATH\Boot.php(325): CodeIgniter\CodeIgniter->run()
 9 SYSTEMPATH\Boot.php(67): CodeIgniter\Boot::runCodeIgniter(Object(CodeIgniter\CodeIgniter))
10 FCPATH\index.php(56): CodeIgniter\Boot::bootWeb(Object(Config\Paths))
CRITICAL - 2024-12-06 01:11:47 --> [Caused by] CodeIgniter\Database\Exceptions\DatabaseException: Table 'sms.hocsinh' doesn't exist
in SYSTEMPATH\Database\MySQLi\Connection.php on line 317.
 1 SYSTEMPATH\Database\BaseConnection.php(734): CodeIgniter\Database\MySQLi\Connection->execute('SELECT `hocsinh`.*, `taikhoan`.`HoTen`, `taikhoan`.`Email`, `taikhoan`.`SoDienThoai`, `taikhoan`.`GioiTinh`, `taikhoan`.`NgaySinh`, `hocsinh_lop`.`MaLop`
FROM `hocsinh`
JOIN `taikhoan` ON `taikhoan`.`MaTK` = `hocsinh`.`MaTK`
JOIN `hocsinh_lop` ON `hocsinh`.`MaHS` = `hocsinh_lop`.`MaHS`')
 2 SYSTEMPATH\Database\BaseConnection.php(648): CodeIgniter\Database\BaseConnection->simpleQuery('SELECT `hocsinh`.*, `taikhoan`.`HoTen`, `taikhoan`.`Email`, `taikhoan`.`SoDienThoai`, `taikhoan`.`GioiTinh`, `taikhoan`.`NgaySinh`, `hocsinh_lop`.`MaLop`
FROM `hocsinh`
JOIN `taikhoan` ON `taikhoan`.`MaTK` = `hocsinh`.`MaTK`
JOIN `hocsinh_lop` ON `hocsinh`.`MaHS` = `hocsinh_lop`.`MaHS`')
 3 SYSTEMPATH\Database\BaseBuilder.php(1644): CodeIgniter\Database\BaseConnection->query('SELECT `hocsinh`.*, `taikhoan`.`HoTen`, `taikhoan`.`Email`, `taikhoan`.`SoDienThoai`, `taikhoan`.`GioiTinh`, `taikhoan`.`NgaySinh`, `hocsinh_lop`.`MaLop`
FROM `hocsinh`
JOIN `taikhoan` ON `taikhoan`.`MaTK` = `hocsinh`.`MaTK`
JOIN `hocsinh_lop` ON `hocsinh`.`MaHS` = `hocsinh_lop`.`MaHS`', [], false)
 4 SYSTEMPATH\Model.php(286): CodeIgniter\Database\BaseBuilder->get()
 5 SYSTEMPATH\BaseModel.php(676): CodeIgniter\Model->doFindAll(0, 0)
 6 APPPATH\Controllers\DirectorController.php(92): CodeIgniter\BaseModel->findAll()
 7 SYSTEMPATH\CodeIgniter.php(933): App\Controllers\DirectorController->studentList()
 8 SYSTEMPATH\CodeIgniter.php(509): CodeIgniter\CodeIgniter->runController(Object(App\Controllers\DirectorController))
 9 SYSTEMPATH\CodeIgniter.php(355): CodeIgniter\CodeIgniter->handleRequest(null, Object(Config\Cache), false)
10 SYSTEMPATH\Boot.php(325): CodeIgniter\CodeIgniter->run()
11 SYSTEMPATH\Boot.php(67): CodeIgniter\Boot::runCodeIgniter(Object(CodeIgniter\CodeIgniter))
12 FCPATH\index.php(56): CodeIgniter\Boot::bootWeb(Object(Config\Paths))
CRITICAL - 2024-12-06 01:11:47 --> [Caused by] mysqli_sql_exception: Table 'sms.hocsinh' doesn't exist
in SYSTEMPATH\Database\MySQLi\Connection.php on line 312.
 1 SYSTEMPATH\Database\MySQLi\Connection.php(312): mysqli->query('SELECT `hocsinh`.*, `taikhoan`.`HoTen`, `taikhoan`.`Email`, `taikhoan`.`SoDienThoai`, `taikhoan`.`GioiTinh`, `taikhoan`.`NgaySinh`, `hocsinh_lop`.`MaLop`
FROM `hocsinh`
JOIN `taikhoan` ON `taikhoan`.`MaTK` = `hocsinh`.`MaTK`
JOIN `hocsinh_lop` ON `hocsinh`.`MaHS` = `hocsinh_lop`.`MaHS`', 0)
 2 SYSTEMPATH\Database\BaseConnection.php(734): CodeIgniter\Database\MySQLi\Connection->execute('SELECT `hocsinh`.*, `taikhoan`.`HoTen`, `taikhoan`.`Email`, `taikhoan`.`SoDienThoai`, `taikhoan`.`GioiTinh`, `taikhoan`.`NgaySinh`, `hocsinh_lop`.`MaLop`
FROM `hocsinh`
JOIN `taikhoan` ON `taikhoan`.`MaTK` = `hocsinh`.`MaTK`
JOIN `hocsinh_lop` ON `hocsinh`.`MaHS` = `hocsinh_lop`.`MaHS`')
 3 SYSTEMPATH\Database\BaseConnection.php(648): CodeIgniter\Database\BaseConnection->simpleQuery('SELECT `hocsinh`.*, `taikhoan`.`HoTen`, `taikhoan`.`Email`, `taikhoan`.`SoDienThoai`, `taikhoan`.`GioiTinh`, `taikhoan`.`NgaySinh`, `hocsinh_lop`.`MaLop`
FROM `hocsinh`
JOIN `taikhoan` ON `taikhoan`.`MaTK` = `hocsinh`.`MaTK`
JOIN `hocsinh_lop` ON `hocsinh`.`MaHS` = `hocsinh_lop`.`MaHS`')
 4 SYSTEMPATH\Database\BaseBuilder.php(1644): CodeIgniter\Database\BaseConnection->query('SELECT `hocsinh`.*, `taikhoan`.`HoTen`, `taikhoan`.`Email`, `taikhoan`.`SoDienThoai`, `taikhoan`.`GioiTinh`, `taikhoan`.`NgaySinh`, `hocsinh_lop`.`MaLop`
FROM `hocsinh`
JOIN `taikhoan` ON `taikhoan`.`MaTK` = `hocsinh`.`MaTK`
JOIN `hocsinh_lop` ON `hocsinh`.`MaHS` = `hocsinh_lop`.`MaHS`', [], false)
 5 SYSTEMPATH\Model.php(286): CodeIgniter\Database\BaseBuilder->get()
 6 SYSTEMPATH\BaseModel.php(676): CodeIgniter\Model->doFindAll(0, 0)
 7 APPPATH\Controllers\DirectorController.php(92): CodeIgniter\BaseModel->findAll()
 8 SYSTEMPATH\CodeIgniter.php(933): App\Controllers\DirectorController->studentList()
 9 SYSTEMPATH\CodeIgniter.php(509): CodeIgniter\CodeIgniter->runController(Object(App\Controllers\DirectorController))
10 SYSTEMPATH\CodeIgniter.php(355): CodeIgniter\CodeIgniter->handleRequest(null, Object(Config\Cache), false)
11 SYSTEMPATH\Boot.php(325): CodeIgniter\CodeIgniter->run()
12 SYSTEMPATH\Boot.php(67): CodeIgniter\Boot::runCodeIgniter(Object(CodeIgniter\CodeIgniter))
13 FCPATH\index.php(56): CodeIgniter\Boot::bootWeb(Object(Config\Paths))
ERROR - 2024-12-06 01:12:33 --> mysqli_sql_exception: Table 'sms.hocsinh' doesn't exist in C:\xampp\htdocs\sms\system\Database\MySQLi\Connection.php:312
Stack trace:
#0 C:\xampp\htdocs\sms\system\Database\MySQLi\Connection.php(312): mysqli->query('SELECT `hocsinh...', 0)
#1 C:\xampp\htdocs\sms\system\Database\BaseConnection.php(734): CodeIgniter\Database\MySQLi\Connection->execute('SELECT `hocsinh...')
#2 C:\xampp\htdocs\sms\system\Database\BaseConnection.php(648): CodeIgniter\Database\BaseConnection->simpleQuery('SELECT `hocsinh...')
#3 C:\xampp\htdocs\sms\system\Database\BaseBuilder.php(1644): CodeIgniter\Database\BaseConnection->query('SELECT `hocsinh...', Array, false)
#4 C:\xampp\htdocs\sms\system\Model.php(286): CodeIgniter\Database\BaseBuilder->get()
#5 C:\xampp\htdocs\sms\system\BaseModel.php(676): CodeIgniter\Model->doFindAll(0, 0)
#6 C:\xampp\htdocs\sms\app\Controllers\DirectorController.php(92): CodeIgniter\BaseModel->findAll()
#7 C:\xampp\htdocs\sms\system\CodeIgniter.php(933): App\Controllers\DirectorController->studentList()
#8 C:\xampp\htdocs\sms\system\CodeIgniter.php(509): CodeIgniter\CodeIgniter->runController(Object(App\Controllers\DirectorController))
#9 C:\xampp\htdocs\sms\system\CodeIgniter.php(355): CodeIgniter\CodeIgniter->handleRequest(NULL, Object(Config\Cache), false)
#10 C:\xampp\htdocs\sms\system\Boot.php(325): CodeIgniter\CodeIgniter->run()
#11 C:\xampp\htdocs\sms\system\Boot.php(67): CodeIgniter\Boot::runCodeIgniter(Object(CodeIgniter\CodeIgniter))
#12 C:\xampp\htdocs\sms\public\index.php(56): CodeIgniter\Boot::bootWeb(Object(Config\Paths))
#13 {main}
CRITICAL - 2024-12-06 01:12:33 --> CodeIgniter\Database\Exceptions\DatabaseException: Table 'sms.hocsinh' doesn't exist
[Method: GET, Route: director/student/list]
in SYSTEMPATH\Database\BaseConnection.php on line 688.
 1 SYSTEMPATH\Database\BaseBuilder.php(1644): CodeIgniter\Database\BaseConnection->query('SELECT `hocsinh`.*, `taikhoan`.`HoTen`, `taikhoan`.`Email`, `taikhoan`.`SoDienThoai`, `taikhoan`.`GioiTinh`, `taikhoan`.`NgaySinh`, `hocsinh_lop`.`MaLop`
FROM `hocsinh`
JOIN `taikhoan` ON `taikhoan`.`MaTK` = `hocsinh`.`MaTK`
JOIN `hocsinh_lop` ON `hocsinh`.`MaHS` = `hocsinh_lop`.`MaHS`', [], false)
 2 SYSTEMPATH\Model.php(286): CodeIgniter\Database\BaseBuilder->get()
 3 SYSTEMPATH\BaseModel.php(676): CodeIgniter\Model->doFindAll(0, 0)
 4 APPPATH\Controllers\DirectorController.php(92): CodeIgniter\BaseModel->findAll()
 5 SYSTEMPATH\CodeIgniter.php(933): App\Controllers\DirectorController->studentList()
 6 SYSTEMPATH\CodeIgniter.php(509): CodeIgniter\CodeIgniter->runController(Object(App\Controllers\DirectorController))
 7 SYSTEMPATH\CodeIgniter.php(355): CodeIgniter\CodeIgniter->handleRequest(null, Object(Config\Cache), false)
 8 SYSTEMPATH\Boot.php(325): CodeIgniter\CodeIgniter->run()
 9 SYSTEMPATH\Boot.php(67): CodeIgniter\Boot::runCodeIgniter(Object(CodeIgniter\CodeIgniter))
10 FCPATH\index.php(56): CodeIgniter\Boot::bootWeb(Object(Config\Paths))
CRITICAL - 2024-12-06 01:12:33 --> [Caused by] CodeIgniter\Database\Exceptions\DatabaseException: Table 'sms.hocsinh' doesn't exist
in SYSTEMPATH\Database\MySQLi\Connection.php on line 317.
 1 SYSTEMPATH\Database\BaseConnection.php(734): CodeIgniter\Database\MySQLi\Connection->execute('SELECT `hocsinh`.*, `taikhoan`.`HoTen`, `taikhoan`.`Email`, `taikhoan`.`SoDienThoai`, `taikhoan`.`GioiTinh`, `taikhoan`.`NgaySinh`, `hocsinh_lop`.`MaLop`
FROM `hocsinh`
JOIN `taikhoan` ON `taikhoan`.`MaTK` = `hocsinh`.`MaTK`
JOIN `hocsinh_lop` ON `hocsinh`.`MaHS` = `hocsinh_lop`.`MaHS`')
 2 SYSTEMPATH\Database\BaseConnection.php(648): CodeIgniter\Database\BaseConnection->simpleQuery('SELECT `hocsinh`.*, `taikhoan`.`HoTen`, `taikhoan`.`Email`, `taikhoan`.`SoDienThoai`, `taikhoan`.`GioiTinh`, `taikhoan`.`NgaySinh`, `hocsinh_lop`.`MaLop`
FROM `hocsinh`
JOIN `taikhoan` ON `taikhoan`.`MaTK` = `hocsinh`.`MaTK`
JOIN `hocsinh_lop` ON `hocsinh`.`MaHS` = `hocsinh_lop`.`MaHS`')
 3 SYSTEMPATH\Database\BaseBuilder.php(1644): CodeIgniter\Database\BaseConnection->query('SELECT `hocsinh`.*, `taikhoan`.`HoTen`, `taikhoan`.`Email`, `taikhoan`.`SoDienThoai`, `taikhoan`.`GioiTinh`, `taikhoan`.`NgaySinh`, `hocsinh_lop`.`MaLop`
FROM `hocsinh`
JOIN `taikhoan` ON `taikhoan`.`MaTK` = `hocsinh`.`MaTK`
JOIN `hocsinh_lop` ON `hocsinh`.`MaHS` = `hocsinh_lop`.`MaHS`', [], false)
 4 SYSTEMPATH\Model.php(286): CodeIgniter\Database\BaseBuilder->get()
 5 SYSTEMPATH\BaseModel.php(676): CodeIgniter\Model->doFindAll(0, 0)
 6 APPPATH\Controllers\DirectorController.php(92): CodeIgniter\BaseModel->findAll()
 7 SYSTEMPATH\CodeIgniter.php(933): App\Controllers\DirectorController->studentList()
 8 SYSTEMPATH\CodeIgniter.php(509): CodeIgniter\CodeIgniter->runController(Object(App\Controllers\DirectorController))
 9 SYSTEMPATH\CodeIgniter.php(355): CodeIgniter\CodeIgniter->handleRequest(null, Object(Config\Cache), false)
10 SYSTEMPATH\Boot.php(325): CodeIgniter\CodeIgniter->run()
11 SYSTEMPATH\Boot.php(67): CodeIgniter\Boot::runCodeIgniter(Object(CodeIgniter\CodeIgniter))
12 FCPATH\index.php(56): CodeIgniter\Boot::bootWeb(Object(Config\Paths))
CRITICAL - 2024-12-06 01:12:33 --> [Caused by] mysqli_sql_exception: Table 'sms.hocsinh' doesn't exist
in SYSTEMPATH\Database\MySQLi\Connection.php on line 312.
 1 SYSTEMPATH\Database\MySQLi\Connection.php(312): mysqli->query('SELECT `hocsinh`.*, `taikhoan`.`HoTen`, `taikhoan`.`Email`, `taikhoan`.`SoDienThoai`, `taikhoan`.`GioiTinh`, `taikhoan`.`NgaySinh`, `hocsinh_lop`.`MaLop`
FROM `hocsinh`
JOIN `taikhoan` ON `taikhoan`.`MaTK` = `hocsinh`.`MaTK`
JOIN `hocsinh_lop` ON `hocsinh`.`MaHS` = `hocsinh_lop`.`MaHS`', 0)
 2 SYSTEMPATH\Database\BaseConnection.php(734): CodeIgniter\Database\MySQLi\Connection->execute('SELECT `hocsinh`.*, `taikhoan`.`HoTen`, `taikhoan`.`Email`, `taikhoan`.`SoDienThoai`, `taikhoan`.`GioiTinh`, `taikhoan`.`NgaySinh`, `hocsinh_lop`.`MaLop`
FROM `hocsinh`
JOIN `taikhoan` ON `taikhoan`.`MaTK` = `hocsinh`.`MaTK`
JOIN `hocsinh_lop` ON `hocsinh`.`MaHS` = `hocsinh_lop`.`MaHS`')
 3 SYSTEMPATH\Database\BaseConnection.php(648): CodeIgniter\Database\BaseConnection->simpleQuery('SELECT `hocsinh`.*, `taikhoan`.`HoTen`, `taikhoan`.`Email`, `taikhoan`.`SoDienThoai`, `taikhoan`.`GioiTinh`, `taikhoan`.`NgaySinh`, `hocsinh_lop`.`MaLop`
FROM `hocsinh`
JOIN `taikhoan` ON `taikhoan`.`MaTK` = `hocsinh`.`MaTK`
JOIN `hocsinh_lop` ON `hocsinh`.`MaHS` = `hocsinh_lop`.`MaHS`')
 4 SYSTEMPATH\Database\BaseBuilder.php(1644): CodeIgniter\Database\BaseConnection->query('SELECT `hocsinh`.*, `taikhoan`.`HoTen`, `taikhoan`.`Email`, `taikhoan`.`SoDienThoai`, `taikhoan`.`GioiTinh`, `taikhoan`.`NgaySinh`, `hocsinh_lop`.`MaLop`
FROM `hocsinh`
JOIN `taikhoan` ON `taikhoan`.`MaTK` = `hocsinh`.`MaTK`
JOIN `hocsinh_lop` ON `hocsinh`.`MaHS` = `hocsinh_lop`.`MaHS`', [], false)
 5 SYSTEMPATH\Model.php(286): CodeIgniter\Database\BaseBuilder->get()
 6 SYSTEMPATH\BaseModel.php(676): CodeIgniter\Model->doFindAll(0, 0)
 7 APPPATH\Controllers\DirectorController.php(92): CodeIgniter\BaseModel->findAll()
 8 SYSTEMPATH\CodeIgniter.php(933): App\Controllers\DirectorController->studentList()
 9 SYSTEMPATH\CodeIgniter.php(509): CodeIgniter\CodeIgniter->runController(Object(App\Controllers\DirectorController))
10 SYSTEMPATH\CodeIgniter.php(355): CodeIgniter\CodeIgniter->handleRequest(null, Object(Config\Cache), false)
11 SYSTEMPATH\Boot.php(325): CodeIgniter\CodeIgniter->run()
12 SYSTEMPATH\Boot.php(67): CodeIgniter\Boot::runCodeIgniter(Object(CodeIgniter\CodeIgniter))
13 FCPATH\index.php(56): CodeIgniter\Boot::bootWeb(Object(Config\Paths))
ERROR - 2024-12-06 18:19:15 --> mysqli_sql_exception: Table 'sms.lop' doesn't exist in C:\xampp\htdocs\sms\system\Database\MySQLi\Connection.php:312
Stack trace:
#0 C:\xampp\htdocs\sms\system\Database\MySQLi\Connection.php(312): mysqli->query('SELECT `TenLop`...', 0)
#1 C:\xampp\htdocs\sms\system\Database\BaseConnection.php(734): CodeIgniter\Database\MySQLi\Connection->execute('SELECT `TenLop`...')
#2 C:\xampp\htdocs\sms\system\Database\BaseConnection.php(648): CodeIgniter\Database\BaseConnection->simpleQuery('SELECT `TenLop`...')
#3 C:\xampp\htdocs\sms\system\Database\BaseBuilder.php(1644): CodeIgniter\Database\BaseConnection->query('SELECT `TenLop`...', Array, false)
#4 C:\xampp\htdocs\sms\system\Model.php(213): CodeIgniter\Database\BaseBuilder->get()
#5 C:\xampp\htdocs\sms\system\BaseModel.php(610): CodeIgniter\Model->doFind(false, NULL)
#6 C:\xampp\htdocs\sms\system\Model.php(252): CodeIgniter\BaseModel->find()
#7 C:\xampp\htdocs\sms\system\BaseModel.php(641): CodeIgniter\Model->doFindColumn('TenLop')
#8 C:\xampp\htdocs\sms\app\Controllers\DirectorController.php(145): CodeIgniter\BaseModel->findColumn('TenLop')
#9 C:\xampp\htdocs\sms\system\CodeIgniter.php(933): App\Controllers\DirectorController->studentList()
#10 C:\xampp\htdocs\sms\system\CodeIgniter.php(509): CodeIgniter\CodeIgniter->runController(Object(App\Controllers\DirectorController))
#11 C:\xampp\htdocs\sms\system\CodeIgniter.php(355): CodeIgniter\CodeIgniter->handleRequest(NULL, Object(Config\Cache), false)
#12 C:\xampp\htdocs\sms\system\Boot.php(325): CodeIgniter\CodeIgniter->run()
#13 C:\xampp\htdocs\sms\system\Boot.php(67): CodeIgniter\Boot::runCodeIgniter(Object(CodeIgniter\CodeIgniter))
#14 C:\xampp\htdocs\sms\public\index.php(56): CodeIgniter\Boot::bootWeb(Object(Config\Paths))
#15 {main}
CRITICAL - 2024-12-06 18:19:15 --> CodeIgniter\Database\Exceptions\DatabaseException: Table 'sms.lop' doesn't exist
[Method: GET, Route: director/student/list]
in SYSTEMPATH\Database\BaseConnection.php on line 688.
 1 SYSTEMPATH\Database\BaseBuilder.php(1644): CodeIgniter\Database\BaseConnection->query('SELECT `TenLop`
FROM `lop`', [], false)
 2 SYSTEMPATH\Model.php(213): CodeIgniter\Database\BaseBuilder->get()
 3 SYSTEMPATH\BaseModel.php(610): CodeIgniter\Model->doFind(false, null)
 4 SYSTEMPATH\Model.php(252): CodeIgniter\BaseModel->find()
 5 SYSTEMPATH\BaseModel.php(641): CodeIgniter\Model->doFindColumn('TenLop')
 6 APPPATH\Controllers\DirectorController.php(145): CodeIgniter\BaseModel->findColumn('TenLop')
 7 SYSTEMPATH\CodeIgniter.php(933): App\Controllers\DirectorController->studentList()
 8 SYSTEMPATH\CodeIgniter.php(509): CodeIgniter\CodeIgniter->runController(Object(App\Controllers\DirectorController))
 9 SYSTEMPATH\CodeIgniter.php(355): CodeIgniter\CodeIgniter->handleRequest(null, Object(Config\Cache), false)
10 SYSTEMPATH\Boot.php(325): CodeIgniter\CodeIgniter->run()
11 SYSTEMPATH\Boot.php(67): CodeIgniter\Boot::runCodeIgniter(Object(CodeIgniter\CodeIgniter))
12 FCPATH\index.php(56): CodeIgniter\Boot::bootWeb(Object(Config\Paths))
CRITICAL - 2024-12-06 18:19:15 --> [Caused by] CodeIgniter\Database\Exceptions\DatabaseException: Table 'sms.lop' doesn't exist
in SYSTEMPATH\Database\MySQLi\Connection.php on line 317.
 1 SYSTEMPATH\Database\BaseConnection.php(734): CodeIgniter\Database\MySQLi\Connection->execute('SELECT `TenLop`
FROM `lop`')
 2 SYSTEMPATH\Database\BaseConnection.php(648): CodeIgniter\Database\BaseConnection->simpleQuery('SELECT `TenLop`
FROM `lop`')
 3 SYSTEMPATH\Database\BaseBuilder.php(1644): CodeIgniter\Database\BaseConnection->query('SELECT `TenLop`
FROM `lop`', [], false)
 4 SYSTEMPATH\Model.php(213): CodeIgniter\Database\BaseBuilder->get()
 5 SYSTEMPATH\BaseModel.php(610): CodeIgniter\Model->doFind(false, null)
 6 SYSTEMPATH\Model.php(252): CodeIgniter\BaseModel->find()
 7 SYSTEMPATH\BaseModel.php(641): CodeIgniter\Model->doFindColumn('TenLop')
 8 APPPATH\Controllers\DirectorController.php(145): CodeIgniter\BaseModel->findColumn('TenLop')
 9 SYSTEMPATH\CodeIgniter.php(933): App\Controllers\DirectorController->studentList()
10 SYSTEMPATH\CodeIgniter.php(509): CodeIgniter\CodeIgniter->runController(Object(App\Controllers\DirectorController))
11 SYSTEMPATH\CodeIgniter.php(355): CodeIgniter\CodeIgniter->handleRequest(null, Object(Config\Cache), false)
12 SYSTEMPATH\Boot.php(325): CodeIgniter\CodeIgniter->run()
13 SYSTEMPATH\Boot.php(67): CodeIgniter\Boot::runCodeIgniter(Object(CodeIgniter\CodeIgniter))
14 FCPATH\index.php(56): CodeIgniter\Boot::bootWeb(Object(Config\Paths))
CRITICAL - 2024-12-06 18:19:15 --> [Caused by] mysqli_sql_exception: Table 'sms.lop' doesn't exist
in SYSTEMPATH\Database\MySQLi\Connection.php on line 312.
 1 SYSTEMPATH\Database\MySQLi\Connection.php(312): mysqli->query('SELECT `TenLop`
FROM `lop`', 0)
 2 SYSTEMPATH\Database\BaseConnection.php(734): CodeIgniter\Database\MySQLi\Connection->execute('SELECT `TenLop`
FROM `lop`')
 3 SYSTEMPATH\Database\BaseConnection.php(648): CodeIgniter\Database\BaseConnection->simpleQuery('SELECT `TenLop`
FROM `lop`')
 4 SYSTEMPATH\Database\BaseBuilder.php(1644): CodeIgniter\Database\BaseConnection->query('SELECT `TenLop`
FROM `lop`', [], false)
 5 SYSTEMPATH\Model.php(213): CodeIgniter\Database\BaseBuilder->get()
 6 SYSTEMPATH\BaseModel.php(610): CodeIgniter\Model->doFind(false, null)
 7 SYSTEMPATH\Model.php(252): CodeIgniter\BaseModel->find()
 8 SYSTEMPATH\BaseModel.php(641): CodeIgniter\Model->doFindColumn('TenLop')
 9 APPPATH\Controllers\DirectorController.php(145): CodeIgniter\BaseModel->findColumn('TenLop')
10 SYSTEMPATH\CodeIgniter.php(933): App\Controllers\DirectorController->studentList()
11 SYSTEMPATH\CodeIgniter.php(509): CodeIgniter\CodeIgniter->runController(Object(App\Controllers\DirectorController))
12 SYSTEMPATH\CodeIgniter.php(355): CodeIgniter\CodeIgniter->handleRequest(null, Object(Config\Cache), false)
13 SYSTEMPATH\Boot.php(325): CodeIgniter\CodeIgniter->run()
14 SYSTEMPATH\Boot.php(67): CodeIgniter\Boot::runCodeIgniter(Object(CodeIgniter\CodeIgniter))
15 FCPATH\index.php(56): CodeIgniter\Boot::bootWeb(Object(Config\Paths))
DEBUG - 2024-12-06 18:22:06 --> Class List: Array
(
    [0] => 10_1
    [1] => 10_2
    [2] => 11_1
    [3] => 11_2
    [4] => 12_1
    [5] => 12_2
)

DEBUG - 2024-12-06 18:22:06 --> Class List: Array
(
    [0] => 2023-2024
    [1] => 2024-2025
)

INFO - 2024-12-06 18:22:06 --> Session: Class initialized using 'CodeIgniter\Session\Handlers\FileHandler' driver.
INFO - 2024-12-06 18:24:01 --> Session: Class initialized using 'CodeIgniter\Session\Handlers\FileHandler' driver.
DEBUG - 2024-12-06 18:24:04 --> Class List: Array
(
    [0] => 10_1
    [1] => 10_2
    [2] => 11_1
    [3] => 11_2
    [4] => 12_1
    [5] => 12_2
)

DEBUG - 2024-12-06 18:24:04 --> Class List: Array
(
    [0] => 2023-2024
    [1] => 2024-2025
)

INFO - 2024-12-06 18:24:04 --> Session: Class initialized using 'CodeIgniter\Session\Handlers\FileHandler' driver.
DEBUG - 2024-12-06 18:24:05 --> Class List: Array
(
    [0] => 10_1
    [1] => 10_2
    [2] => 11_1
    [3] => 11_2
    [4] => 12_1
    [5] => 12_2
)

DEBUG - 2024-12-06 18:24:05 --> Class List: Array
(
    [0] => 2023-2024
    [1] => 2024-2025
)

INFO - 2024-12-06 18:24:05 --> Session: Class initialized using 'CodeIgniter\Session\Handlers\FileHandler' driver.
DEBUG - 2024-12-06 18:24:08 --> Class List: Array
(
    [0] => 10_1
    [1] => 10_2
    [2] => 11_1
    [3] => 11_2
    [4] => 12_1
    [5] => 12_2
)

DEBUG - 2024-12-06 18:24:08 --> Class List: Array
(
    [0] => 2023-2024
    [1] => 2024-2025
)

INFO - 2024-12-06 18:24:08 --> Session: Class initialized using 'CodeIgniter\Session\Handlers\FileHandler' driver.
DEBUG - 2024-12-06 18:24:10 --> Class List: Array
(
    [0] => 10_1
    [1] => 10_2
    [2] => 11_1
    [3] => 11_2
    [4] => 12_1
    [5] => 12_2
)

DEBUG - 2024-12-06 18:24:10 --> Class List: Array
(
    [0] => 2023-2024
    [1] => 2024-2025
)

INFO - 2024-12-06 18:24:10 --> Session: Class initialized using 'CodeIgniter\Session\Handlers\FileHandler' driver.
DEBUG - 2024-12-06 18:24:14 --> Class List: Array
(
    [0] => 10_1
    [1] => 10_2
    [2] => 11_1
    [3] => 11_2
    [4] => 12_1
    [5] => 12_2
)

DEBUG - 2024-12-06 18:24:14 --> Class List: Array
(
    [0] => 2023-2024
    [1] => 2024-2025
)

INFO - 2024-12-06 18:24:14 --> Session: Class initialized using 'CodeIgniter\Session\Handlers\FileHandler' driver.
INFO - 2024-12-06 18:25:07 --> Session: Class initialized using 'CodeIgniter\Session\Handlers\FileHandler' driver.
INFO - 2024-12-06 18:25:35 --> Session: Class initialized using 'CodeIgniter\Session\Handlers\FileHandler' driver.
DEBUG - 2024-12-06 18:25:42 --> Class List: Array
(
    [0] => 10_1
    [1] => 10_2
    [2] => 11_1
    [3] => 11_2
    [4] => 12_1
    [5] => 12_2
)

DEBUG - 2024-12-06 18:25:42 --> Class List: Array
(
    [0] => 2023-2024
    [1] => 2024-2025
)

INFO - 2024-12-06 18:25:42 --> Session: Class initialized using 'CodeIgniter\Session\Handlers\FileHandler' driver.
DEBUG - 2024-12-06 18:25:48 --> Class List: Array
(
    [0] => 10_1
    [1] => 10_2
    [2] => 11_1
    [3] => 11_2
    [4] => 12_1
    [5] => 12_2
)

DEBUG - 2024-12-06 18:25:48 --> Class List: Array
(
    [0] => 2023-2024
    [1] => 2024-2025
)

INFO - 2024-12-06 18:25:48 --> Session: Class initialized using 'CodeIgniter\Session\Handlers\FileHandler' driver.
DEBUG - 2024-12-06 18:25:55 --> Class List: Array
(
    [0] => 10_1
    [1] => 10_2
    [2] => 11_1
    [3] => 11_2
    [4] => 12_1
    [5] => 12_2
)

DEBUG - 2024-12-06 18:25:55 --> Class List: Array
(
    [0] => 2023-2024
    [1] => 2024-2025
)

INFO - 2024-12-06 18:25:55 --> Session: Class initialized using 'CodeIgniter\Session\Handlers\FileHandler' driver.
DEBUG - 2024-12-06 18:26:18 --> Class List: Array
(
    [0] => 10_1
    [1] => 10_2
    [2] => 11_1
    [3] => 11_2
    [4] => 12_1
    [5] => 12_2
)

DEBUG - 2024-12-06 18:26:18 --> Class List: Array
(
    [0] => 2023-2024
    [1] => 2024-2025
)

INFO - 2024-12-06 18:26:18 --> Session: Class initialized using 'CodeIgniter\Session\Handlers\FileHandler' driver.
DEBUG - 2024-12-06 18:26:31 --> Class List: Array
(
    [0] => 10_1
    [1] => 10_2
    [2] => 11_1
    [3] => 11_2
    [4] => 12_1
    [5] => 12_2
)

DEBUG - 2024-12-06 18:26:31 --> Class List: Array
(
    [0] => 2023-2024
    [1] => 2024-2025
)

INFO - 2024-12-06 18:26:31 --> Session: Class initialized using 'CodeIgniter\Session\Handlers\FileHandler' driver.
INFO - 2024-12-06 18:26:33 --> Session: Class initialized using 'CodeIgniter\Session\Handlers\FileHandler' driver.
DEBUG - 2024-12-06 18:26:34 --> Class List: Array
(
    [0] => 10_1
    [1] => 10_2
    [2] => 11_1
    [3] => 11_2
    [4] => 12_1
    [5] => 12_2
)

DEBUG - 2024-12-06 18:26:34 --> Class List: Array
(
    [0] => 2023-2024
    [1] => 2024-2025
)

INFO - 2024-12-06 18:26:34 --> Session: Class initialized using 'CodeIgniter\Session\Handlers\FileHandler' driver.
INFO - 2024-12-06 18:29:19 --> Session: Class initialized using 'CodeIgniter\Session\Handlers\FileHandler' driver.
INFO - 2024-12-06 18:29:36 --> Session: Class initialized using 'CodeIgniter\Session\Handlers\FileHandler' driver.
INFO - 2024-12-06 18:31:37 --> Session: Class initialized using 'CodeIgniter\Session\Handlers\FileHandler' driver.
INFO - 2024-12-06 18:33:25 --> Session: Class initialized using 'CodeIgniter\Session\Handlers\FileHandler' driver.
INFO - 2024-12-06 18:37:27 --> Session: Class initialized using 'CodeIgniter\Session\Handlers\FileHandler' driver.
INFO - 2024-12-06 18:42:02 --> Session: Class initialized using 'CodeIgniter\Session\Handlers\FileHandler' driver.
INFO - 2024-12-06 18:42:40 --> Session: Class initialized using 'CodeIgniter\Session\Handlers\FileHandler' driver.
INFO - 2024-12-06 18:43:12 --> Session: Class initialized using 'CodeIgniter\Session\Handlers\FileHandler' driver.
INFO - 2024-12-06 18:43:26 --> Session: Class initialized using 'CodeIgniter\Session\Handlers\FileHandler' driver.
INFO - 2024-12-06 18:44:05 --> Session: Class initialized using 'CodeIgniter\Session\Handlers\FileHandler' driver.
INFO - 2024-12-06 18:46:00 --> Session: Class initialized using 'CodeIgniter\Session\Handlers\FileHandler' driver.
INFO - 2024-12-06 18:46:55 --> Session: Class initialized using 'CodeIgniter\Session\Handlers\FileHandler' driver.
INFO - 2024-12-06 18:47:37 --> Session: Class initialized using 'CodeIgniter\Session\Handlers\FileHandler' driver.
INFO - 2024-12-06 18:48:17 --> Session: Class initialized using 'CodeIgniter\Session\Handlers\FileHandler' driver.
INFO - 2024-12-06 18:48:32 --> Session: Class initialized using 'CodeIgniter\Session\Handlers\FileHandler' driver.
INFO - 2024-12-06 18:49:31 --> Session: Class initialized using 'CodeIgniter\Session\Handlers\FileHandler' driver.
DEBUG - 2024-12-06 18:49:35 --> Class List: Array
(
    [0] => 10_1
    [1] => 10_2
    [2] => 11_1
    [3] => 11_2
    [4] => 12_1
    [5] => 12_2
)

DEBUG - 2024-12-06 18:49:35 --> Class List: Array
(
    [0] => 2023-2024
    [1] => 2024-2025
)

INFO - 2024-12-06 18:49:35 --> Session: Class initialized using 'CodeIgniter\Session\Handlers\FileHandler' driver.
DEBUG - 2024-12-06 18:49:48 --> Class List: Array
(
    [0] => 10_1
    [1] => 10_2
    [2] => 11_1
    [3] => 11_2
    [4] => 12_1
    [5] => 12_2
)

DEBUG - 2024-12-06 18:49:48 --> Class List: Array
(
    [0] => 2023-2024
    [1] => 2024-2025
)

INFO - 2024-12-06 18:49:48 --> Session: Class initialized using 'CodeIgniter\Session\Handlers\FileHandler' driver.
INFO - 2024-12-06 18:49:49 --> Session: Class initialized using 'CodeIgniter\Session\Handlers\FileHandler' driver.
INFO - 2024-12-06 18:49:49 --> Session: Class initialized using 'CodeIgniter\Session\Handlers\FileHandler' driver.
INFO - 2024-12-06 18:49:51 --> Session: Class initialized using 'CodeIgniter\Session\Handlers\FileHandler' driver.
INFO - 2024-12-06 18:50:24 --> Session: Class initialized using 'CodeIgniter\Session\Handlers\FileHandler' driver.
INFO - 2024-12-06 18:50:27 --> Session: Class initialized using 'CodeIgniter\Session\Handlers\FileHandler' driver.
INFO - 2024-12-06 18:55:17 --> Session: Class initialized using 'CodeIgniter\Session\Handlers\FileHandler' driver.
