CRITICAL - 2024-11-20 16:19:43 --> CodeIgniter\View\Exceptions\ViewException: Invalid file: "componetns/pagination.php"
[Method: GET, Route: student/score]
in SYSTEMPATH\Exceptions\FrameworkException.php on line 41.
 1 SYSTEMPATH\View\View.php(222): CodeIgniter\Exceptions\FrameworkException::forInvalidFile('componetns/pagination.php')
 2 SYSTEMPATH\Common.php(1171): CodeIgniter\View\View->render('componetns/pagination.php', [], true)
 3 APPPATH\Views\student\score.php(23): view('componetns/pagination.php')
 4 SYSTEMPATH\View\View.php(234): include('C:\\xampp\\htdocs\\sms\\app\\Views\\student\\score.php')
 5 SYSTEMPATH\View\View.php(237): CodeIgniter\View\View->CodeIgniter\View\{closure}()
 6 SYSTEMPATH\Common.php(1171): CodeIgniter\View\View->render('student/score', [], true)
 7 APPPATH\Controllers\StudentController.php(11): view('student/score')
 8 SYSTEMPATH\CodeIgniter.php(933): App\Controllers\StudentController->score()
 9 SYSTEMPATH\CodeIgniter.php(509): CodeIgniter\CodeIgniter->runController(Object(App\Controllers\StudentController))
10 SYSTEMPATH\CodeIgniter.php(355): CodeIgniter\CodeIgniter->handleRequest(null, Object(Config\Cache), false)
11 SYSTEMPATH\Boot.php(325): CodeIgniter\CodeIgniter->run()
12 SYSTEMPATH\Boot.php(67): CodeIgniter\Boot::runCodeIgniter(Object(CodeIgniter\CodeIgniter))
13 FCPATH\index.php(56): CodeIgniter\Boot::bootWeb(Object(Config\Paths))
CRITICAL - 2024-11-20 17:42:06 --> ErrorException: Cannot redeclare statusButton() (previously declared in C:\xampp\htdocs\sms\app\Views\components\status.php:3)
[Method: GET, Route: director/student/list]
in APPPATH\Views\components\status.php on line 47.
 1 [internal function]: CodeIgniter\Debug\Exceptions->shutdownHandler()
CRITICAL - 2024-11-20 17:46:38 --> ErrorException: Cannot redeclare statusButton() (previously declared in C:\xampp\htdocs\sms\app\Views\components\status.php:3)
[Method: GET, Route: director/student/list]
in APPPATH\Views\components\status.php on line 47.
 1 [internal function]: CodeIgniter\Debug\Exceptions->shutdownHandler()
CRITICAL - 2024-11-20 17:46:39 --> ErrorException: Cannot redeclare statusButton() (previously declared in C:\xampp\htdocs\sms\app\Views\components\status.php:3)
[Method: GET, Route: director/student/list]
in APPPATH\Views\components\status.php on line 47.
 1 [internal function]: CodeIgniter\Debug\Exceptions->shutdownHandler()
CRITICAL - 2024-11-20 17:47:14 --> ErrorException: Cannot redeclare statusButton() (previously declared in C:\xampp\htdocs\sms\app\Views\components\status.php:3)
[Method: GET, Route: director/student/list]
in APPPATH\Views\components\status.php on line 47.
 1 [internal function]: CodeIgniter\Debug\Exceptions->shutdownHandler()
CRITICAL - 2024-11-20 17:47:15 --> ErrorException: Cannot redeclare statusButton() (previously declared in C:\xampp\htdocs\sms\app\Views\components\status.php:3)
[Method: GET, Route: director/student/list]
in APPPATH\Views\components\status.php on line 47.
 1 [internal function]: CodeIgniter\Debug\Exceptions->shutdownHandler()
CRITICAL - 2024-11-20 17:47:15 --> ErrorException: Cannot redeclare statusButton() (previously declared in C:\xampp\htdocs\sms\app\Views\components\status.php:3)
[Method: GET, Route: director/student/list]
in APPPATH\Views\components\status.php on line 47.
 1 [internal function]: CodeIgniter\Debug\Exceptions->shutdownHandler()
CRITICAL - 2024-11-20 17:47:16 --> ErrorException: Cannot redeclare statusButton() (previously declared in C:\xampp\htdocs\sms\app\Views\components\status.php:3)
[Method: GET, Route: director/student/list]
in APPPATH\Views\components\status.php on line 47.
 1 [internal function]: CodeIgniter\Debug\Exceptions->shutdownHandler()
CRITICAL - 2024-11-20 17:47:16 --> ErrorException: Cannot redeclare statusButton() (previously declared in C:\xampp\htdocs\sms\app\Views\components\status.php:3)
[Method: GET, Route: director/student/list]
in APPPATH\Views\components\status.php on line 47.
 1 [internal function]: CodeIgniter\Debug\Exceptions->shutdownHandler()
CRITICAL - 2024-11-20 17:47:16 --> ErrorException: Cannot redeclare statusButton() (previously declared in C:\xampp\htdocs\sms\app\Views\components\status.php:3)
[Method: GET, Route: director/student/list]
in APPPATH\Views\components\status.php on line 47.
 1 [internal function]: CodeIgniter\Debug\Exceptions->shutdownHandler()
CRITICAL - 2024-11-20 17:49:40 --> ErrorException: Undefined variable $status
[Method: GET, Route: director/student/list]
in APPPATH\Views\components\tables\directorStudentList.php on line 25.
 1 APPPATH\Views\components\tables\directorStudentList.php(25): CodeIgniter\Debug\Exceptions->errorHandler(2, 'Undefined variable $status', 'C:\\xampp\\htdocs\\sms\\app\\Views\\components\\tables\\directorStudentList.php', 25)
 2 SYSTEMPATH\View\View.php(234): include('C:\\xampp\\htdocs\\sms\\app\\Views\\components\\tables\\directorStudentList.php')
 3 SYSTEMPATH\View\View.php(237): CodeIgniter\View\View->CodeIgniter\View\{closure}()
 4 SYSTEMPATH\Common.php(1171): CodeIgniter\View\View->render('components/tables/directorStudentList', [], true)
 5 APPPATH\Views\director\student\list.php(22): view('components/tables/directorStudentList')
 6 SYSTEMPATH\View\View.php(234): include('C:\\xampp\\htdocs\\sms\\app\\Views\\director\\student\\list.php')
 7 SYSTEMPATH\View\View.php(237): CodeIgniter\View\View->CodeIgniter\View\{closure}()
 8 SYSTEMPATH\Common.php(1171): CodeIgniter\View\View->render('director/student/list', [], true)
 9 APPPATH\Controllers\DirectorController.php(46): view('director/student/list')
10 SYSTEMPATH\CodeIgniter.php(933): App\Controllers\DirectorController->studentList()
11 SYSTEMPATH\CodeIgniter.php(509): CodeIgniter\CodeIgniter->runController(Object(App\Controllers\DirectorController))
12 SYSTEMPATH\CodeIgniter.php(355): CodeIgniter\CodeIgniter->handleRequest(null, Object(Config\Cache), false)
13 SYSTEMPATH\Boot.php(325): CodeIgniter\CodeIgniter->run()
14 SYSTEMPATH\Boot.php(67): CodeIgniter\Boot::runCodeIgniter(Object(CodeIgniter\CodeIgniter))
15 FCPATH\index.php(56): CodeIgniter\Boot::bootWeb(Object(Config\Paths))
CRITICAL - 2024-11-20 17:49:41 --> ErrorException: Undefined variable $status
[Method: GET, Route: director/student/list]
in APPPATH\Views\components\tables\directorStudentList.php on line 25.
 1 APPPATH\Views\components\tables\directorStudentList.php(25): CodeIgniter\Debug\Exceptions->errorHandler(2, 'Undefined variable $status', 'C:\\xampp\\htdocs\\sms\\app\\Views\\components\\tables\\directorStudentList.php', 25)
 2 SYSTEMPATH\View\View.php(234): include('C:\\xampp\\htdocs\\sms\\app\\Views\\components\\tables\\directorStudentList.php')
 3 SYSTEMPATH\View\View.php(237): CodeIgniter\View\View->CodeIgniter\View\{closure}()
 4 SYSTEMPATH\Common.php(1171): CodeIgniter\View\View->render('components/tables/directorStudentList', [], true)
 5 APPPATH\Views\director\student\list.php(22): view('components/tables/directorStudentList')
 6 SYSTEMPATH\View\View.php(234): include('C:\\xampp\\htdocs\\sms\\app\\Views\\director\\student\\list.php')
 7 SYSTEMPATH\View\View.php(237): CodeIgniter\View\View->CodeIgniter\View\{closure}()
 8 SYSTEMPATH\Common.php(1171): CodeIgniter\View\View->render('director/student/list', [], true)
 9 APPPATH\Controllers\DirectorController.php(46): view('director/student/list')
10 SYSTEMPATH\CodeIgniter.php(933): App\Controllers\DirectorController->studentList()
11 SYSTEMPATH\CodeIgniter.php(509): CodeIgniter\CodeIgniter->runController(Object(App\Controllers\DirectorController))
12 SYSTEMPATH\CodeIgniter.php(355): CodeIgniter\CodeIgniter->handleRequest(null, Object(Config\Cache), false)
13 SYSTEMPATH\Boot.php(325): CodeIgniter\CodeIgniter->run()
14 SYSTEMPATH\Boot.php(67): CodeIgniter\Boot::runCodeIgniter(Object(CodeIgniter\CodeIgniter))
15 FCPATH\index.php(56): CodeIgniter\Boot::bootWeb(Object(Config\Paths))
CRITICAL - 2024-11-20 17:49:42 --> ErrorException: Undefined variable $status
[Method: GET, Route: director/student/list]
in APPPATH\Views\components\tables\directorStudentList.php on line 25.
 1 APPPATH\Views\components\tables\directorStudentList.php(25): CodeIgniter\Debug\Exceptions->errorHandler(2, 'Undefined variable $status', 'C:\\xampp\\htdocs\\sms\\app\\Views\\components\\tables\\directorStudentList.php', 25)
 2 SYSTEMPATH\View\View.php(234): include('C:\\xampp\\htdocs\\sms\\app\\Views\\components\\tables\\directorStudentList.php')
 3 SYSTEMPATH\View\View.php(237): CodeIgniter\View\View->CodeIgniter\View\{closure}()
 4 SYSTEMPATH\Common.php(1171): CodeIgniter\View\View->render('components/tables/directorStudentList', [], true)
 5 APPPATH\Views\director\student\list.php(22): view('components/tables/directorStudentList')
 6 SYSTEMPATH\View\View.php(234): include('C:\\xampp\\htdocs\\sms\\app\\Views\\director\\student\\list.php')
 7 SYSTEMPATH\View\View.php(237): CodeIgniter\View\View->CodeIgniter\View\{closure}()
 8 SYSTEMPATH\Common.php(1171): CodeIgniter\View\View->render('director/student/list', [], true)
 9 APPPATH\Controllers\DirectorController.php(46): view('director/student/list')
10 SYSTEMPATH\CodeIgniter.php(933): App\Controllers\DirectorController->studentList()
11 SYSTEMPATH\CodeIgniter.php(509): CodeIgniter\CodeIgniter->runController(Object(App\Controllers\DirectorController))
12 SYSTEMPATH\CodeIgniter.php(355): CodeIgniter\CodeIgniter->handleRequest(null, Object(Config\Cache), false)
13 SYSTEMPATH\Boot.php(325): CodeIgniter\CodeIgniter->run()
14 SYSTEMPATH\Boot.php(67): CodeIgniter\Boot::runCodeIgniter(Object(CodeIgniter\CodeIgniter))
15 FCPATH\index.php(56): CodeIgniter\Boot::bootWeb(Object(Config\Paths))
CRITICAL - 2024-11-20 17:49:47 --> ErrorException: Undefined variable $status
[Method: GET, Route: director/student/list]
in APPPATH\Views\components\tables\directorStudentList.php on line 39.
 1 APPPATH\Views\components\tables\directorStudentList.php(39): CodeIgniter\Debug\Exceptions->errorHandler(2, 'Undefined variable $status', 'C:\\xampp\\htdocs\\sms\\app\\Views\\components\\tables\\directorStudentList.php', 39)
 2 SYSTEMPATH\View\View.php(234): include('C:\\xampp\\htdocs\\sms\\app\\Views\\components\\tables\\directorStudentList.php')
 3 SYSTEMPATH\View\View.php(237): CodeIgniter\View\View->CodeIgniter\View\{closure}()
 4 SYSTEMPATH\Common.php(1171): CodeIgniter\View\View->render('components/tables/directorStudentList', [], true)
 5 APPPATH\Views\director\student\list.php(22): view('components/tables/directorStudentList')
 6 SYSTEMPATH\View\View.php(234): include('C:\\xampp\\htdocs\\sms\\app\\Views\\director\\student\\list.php')
 7 SYSTEMPATH\View\View.php(237): CodeIgniter\View\View->CodeIgniter\View\{closure}()
 8 SYSTEMPATH\Common.php(1171): CodeIgniter\View\View->render('director/student/list', [], true)
 9 APPPATH\Controllers\DirectorController.php(46): view('director/student/list')
10 SYSTEMPATH\CodeIgniter.php(933): App\Controllers\DirectorController->studentList()
11 SYSTEMPATH\CodeIgniter.php(509): CodeIgniter\CodeIgniter->runController(Object(App\Controllers\DirectorController))
12 SYSTEMPATH\CodeIgniter.php(355): CodeIgniter\CodeIgniter->handleRequest(null, Object(Config\Cache), false)
13 SYSTEMPATH\Boot.php(325): CodeIgniter\CodeIgniter->run()
14 SYSTEMPATH\Boot.php(67): CodeIgniter\Boot::runCodeIgniter(Object(CodeIgniter\CodeIgniter))
15 FCPATH\index.php(56): CodeIgniter\Boot::bootWeb(Object(Config\Paths))
CRITICAL - 2024-11-20 17:49:57 --> ErrorException: Cannot redeclare statusButton() (previously declared in C:\xampp\htdocs\sms\app\Views\components\status.php:3)
[Method: GET, Route: director/student/list]
in APPPATH\Views\components\status.php on line 47.
 1 [internal function]: CodeIgniter\Debug\Exceptions->shutdownHandler()
CRITICAL - 2024-11-20 17:50:13 --> ErrorException: Cannot redeclare statusButton() (previously declared in C:\xampp\htdocs\sms\app\Views\components\status.php:3)
[Method: GET, Route: director/student/list]
in APPPATH\Views\components\status.php on line 47.
 1 [internal function]: CodeIgniter\Debug\Exceptions->shutdownHandler()
CRITICAL - 2024-11-20 17:50:25 --> ErrorException: Cannot redeclare statusButton() (previously declared in C:\xampp\htdocs\sms\app\Views\components\status.php:3)
[Method: GET, Route: director/student/list]
in APPPATH\Views\components\status.php on line 47.
 1 [internal function]: CodeIgniter\Debug\Exceptions->shutdownHandler()
CRITICAL - 2024-11-20 17:53:07 --> ErrorException: Cannot redeclare statusButton() (previously declared in C:\xampp\htdocs\sms\app\Views\components\status.php:3)
[Method: GET, Route: director/student/list]
in APPPATH\Views\components\status.php on line 47.
 1 [internal function]: CodeIgniter\Debug\Exceptions->shutdownHandler()
CRITICAL - 2024-11-20 17:54:11 --> ErrorException: Cannot redeclare statusButton() (previously declared in C:\xampp\htdocs\sms\app\Views\components\status.php:3)
[Method: GET, Route: director/student/list]
in APPPATH\Views\components\status.php on line 47.
 1 [internal function]: CodeIgniter\Debug\Exceptions->shutdownHandler()
CRITICAL - 2024-11-20 17:54:27 --> ErrorException: Cannot redeclare statusButton() (previously declared in C:\xampp\htdocs\sms\app\Views\components\status.php:3)
[Method: GET, Route: director/student/list]
in APPPATH\Views\components\status.php on line 47.
 1 [internal function]: CodeIgniter\Debug\Exceptions->shutdownHandler()
CRITICAL - 2024-11-20 17:56:12 --> ErrorException: Cannot redeclare statusButton() (previously declared in C:\xampp\htdocs\sms\app\Views\components\status.php:3)
[Method: GET, Route: director/student/list]
in APPPATH\Views\components\status.php on line 47.
 1 [internal function]: CodeIgniter\Debug\Exceptions->shutdownHandler()
