CRITICAL - 2025-06-03 05:34:37 --> Error: Class "Locale" not found
[Method: GET, Route: /]
in SYSTEMPATH\CodeIgniter.php on line 190.
 1 SYSTEMPATH\Boot.php(312): CodeIgniter\CodeIgniter->initialize()
 2 SYSTEMPATH\Boot.php(66): CodeIgniter\Boot::initializeCodeIgniter()
 3 FCPATH\index.php(56): CodeIgniter\Boot::bootWeb(Object(Config\Paths))
CRITICAL - 2025-06-03 05:34:37 --> ErrorException: Uncaught Error: Class "Locale" not found in C:\xampp\htdocs\Student-Management-System\system\Helpers\number_helper.php:140
Stack trace:
#0 C:\xampp\htdocs\Student-Management-System\system\Helpers\number_helper.php(58): format_number(12.0, 2, NULL, Array)
#1 C:\xampp\htdocs\Student-Management-System\system\Debug\BaseExceptionHandler.php(154): number_to_size(12.0, 2)
#2 C:\xampp\htdocs\Student-Management-System\app\Views\errors\html\error_exception.php(409): CodeIgniter\Debug\BaseExceptionHandler::describeMemory(12582912)
#3 C:\xampp\htdocs\Student-Management-System\system\Debug\BaseExceptionHandler.php(266): include('C:\\xampp\\htdocs...')
#4 C:\xampp\htdocs\Student-Management-System\system\Debug\BaseExceptionHandler.php(269): CodeIgniter\Debug\BaseExceptionHandler->CodeIgniter\Debug\{closure}()
#5 C:\xampp\htdocs\Student-Management-System\system\Debug\ExceptionHandler.php(114): CodeIgniter\Debug\BaseExceptionHandler->render(Object(Error), 500, 'C:\\xampp\\htdocs...')
#6 C:\xampp\htdocs\Student-Management-System\system\Debug\Exceptions.php(163): CodeIgniter\Debug\ExceptionHandler->handle(Object(Error), Object(CodeIgniter\HTTP\IncomingRequest), Object(CodeIgniter\HTTP\Response), 500, 1)
#7 [internal function]: CodeIgniter\Debug\Exceptions->exceptionHandler(Object(Error))
#8 {main}
  thrown
【Previous Exception】
Error
Class "Locale" not found
#0 C:\xampp\htdocs\Student-Management-System\system\Boot.php(312): CodeIgniter\CodeIgniter->initialize()
#1 C:\xampp\htdocs\Student-Management-System\system\Boot.php(66): CodeIgniter\Boot::initializeCodeIgniter()
#2 C:\xampp\htdocs\Student-Management-System\public\index.php(56): CodeIgniter\Boot::bootWeb(Object(Config\Paths))
#3 {main}
[Method: GET, Route: /]
in SYSTEMPATH\Helpers\number_helper.php on line 140.
 1 [internal function]: CodeIgniter\Debug\Exceptions->shutdownHandler()
CRITICAL - 2025-06-03 05:36:18 --> Error: Class "Locale" not found
[Method: GET, Route: /]
in SYSTEMPATH\CodeIgniter.php on line 190.
 1 SYSTEMPATH\Boot.php(312): CodeIgniter\CodeIgniter->initialize()
 2 SYSTEMPATH\Boot.php(66): CodeIgniter\Boot::initializeCodeIgniter()
 3 FCPATH\index.php(56): CodeIgniter\Boot::bootWeb(Object(Config\Paths))
CRITICAL - 2025-06-03 05:36:18 --> ErrorException: Uncaught Error: Class "Locale" not found in C:\xampp\htdocs\Student-Management-System\system\Helpers\number_helper.php:140
Stack trace:
#0 C:\xampp\htdocs\Student-Management-System\system\Helpers\number_helper.php(58): format_number(14.0, 2, NULL, Array)
#1 C:\xampp\htdocs\Student-Management-System\system\Debug\BaseExceptionHandler.php(154): number_to_size(14.0, 2)
#2 C:\xampp\htdocs\Student-Management-System\app\Views\errors\html\error_exception.php(409): CodeIgniter\Debug\BaseExceptionHandler::describeMemory(14680064)
#3 C:\xampp\htdocs\Student-Management-System\system\Debug\BaseExceptionHandler.php(266): include('C:\\xampp\\htdocs...')
#4 C:\xampp\htdocs\Student-Management-System\system\Debug\BaseExceptionHandler.php(269): CodeIgniter\Debug\BaseExceptionHandler->CodeIgniter\Debug\{closure}()
#5 C:\xampp\htdocs\Student-Management-System\system\Debug\ExceptionHandler.php(114): CodeIgniter\Debug\BaseExceptionHandler->render(Object(Error), 500, 'C:\\xampp\\htdocs...')
#6 C:\xampp\htdocs\Student-Management-System\system\Debug\Exceptions.php(163): CodeIgniter\Debug\ExceptionHandler->handle(Object(Error), Object(CodeIgniter\HTTP\IncomingRequest), Object(CodeIgniter\HTTP\Response), 500, 1)
#7 [internal function]: CodeIgniter\Debug\Exceptions->exceptionHandler(Object(Error))
#8 {main}
  thrown
【Previous Exception】
Error
Class "Locale" not found
#0 C:\xampp\htdocs\Student-Management-System\system\Boot.php(312): CodeIgniter\CodeIgniter->initialize()
#1 C:\xampp\htdocs\Student-Management-System\system\Boot.php(66): CodeIgniter\Boot::initializeCodeIgniter()
#2 C:\xampp\htdocs\Student-Management-System\public\index.php(56): CodeIgniter\Boot::bootWeb(Object(Config\Paths))
#3 {main}
[Method: GET, Route: /]
in SYSTEMPATH\Helpers\number_helper.php on line 140.
 1 [internal function]: CodeIgniter\Debug\Exceptions->shutdownHandler()
CRITICAL - 2025-06-03 05:38:25 --> Error: Class "Locale" not found
[Method: GET, Route: /]
in SYSTEMPATH\CodeIgniter.php on line 190.
 1 SYSTEMPATH\Boot.php(312): CodeIgniter\CodeIgniter->initialize()
 2 SYSTEMPATH\Boot.php(66): CodeIgniter\Boot::initializeCodeIgniter()
 3 FCPATH\index.php(56): CodeIgniter\Boot::bootWeb(Object(Config\Paths))
CRITICAL - 2025-06-03 05:38:25 --> ErrorException: Uncaught Error: Class "Locale" not found in C:\xampp\htdocs\Student-Management-System\system\Helpers\number_helper.php:140
Stack trace:
#0 C:\xampp\htdocs\Student-Management-System\system\Helpers\number_helper.php(58): format_number(10.0, 2, NULL, Array)
#1 C:\xampp\htdocs\Student-Management-System\system\Debug\BaseExceptionHandler.php(154): number_to_size(10.0, 2)
#2 C:\xampp\htdocs\Student-Management-System\app\Views\errors\html\error_exception.php(409): CodeIgniter\Debug\BaseExceptionHandler::describeMemory(10485760)
#3 C:\xampp\htdocs\Student-Management-System\system\Debug\BaseExceptionHandler.php(266): include('C:\\xampp\\htdocs...')
#4 C:\xampp\htdocs\Student-Management-System\system\Debug\BaseExceptionHandler.php(269): CodeIgniter\Debug\BaseExceptionHandler->CodeIgniter\Debug\{closure}()
#5 C:\xampp\htdocs\Student-Management-System\system\Debug\ExceptionHandler.php(114): CodeIgniter\Debug\BaseExceptionHandler->render(Object(Error), 500, 'C:\\xampp\\htdocs...')
#6 C:\xampp\htdocs\Student-Management-System\system\Debug\Exceptions.php(163): CodeIgniter\Debug\ExceptionHandler->handle(Object(Error), Object(CodeIgniter\HTTP\IncomingRequest), Object(CodeIgniter\HTTP\Response), 500, 1)
#7 [internal function]: CodeIgniter\Debug\Exceptions->exceptionHandler(Object(Error))
#8 {main}
  thrown
【Previous Exception】
Error
Class "Locale" not found
#0 C:\xampp\htdocs\Student-Management-System\system\Boot.php(312): CodeIgniter\CodeIgniter->initialize()
#1 C:\xampp\htdocs\Student-Management-System\system\Boot.php(66): CodeIgniter\Boot::initializeCodeIgniter()
#2 C:\xampp\htdocs\Student-Management-System\public\index.php(56): CodeIgniter\Boot::bootWeb(Object(Config\Paths))
#3 {main}
[Method: GET, Route: /]
in SYSTEMPATH\Helpers\number_helper.php on line 140.
 1 [internal function]: CodeIgniter\Debug\Exceptions->shutdownHandler()
CRITICAL - 2025-06-03 05:38:27 --> Error: Class "Locale" not found
[Method: GET, Route: /]
in SYSTEMPATH\CodeIgniter.php on line 190.
 1 SYSTEMPATH\Boot.php(312): CodeIgniter\CodeIgniter->initialize()
 2 SYSTEMPATH\Boot.php(66): CodeIgniter\Boot::initializeCodeIgniter()
 3 FCPATH\index.php(56): CodeIgniter\Boot::bootWeb(Object(Config\Paths))
CRITICAL - 2025-06-03 05:38:27 --> ErrorException: Uncaught Error: Class "Locale" not found in C:\xampp\htdocs\Student-Management-System\system\Helpers\number_helper.php:140
Stack trace:
#0 C:\xampp\htdocs\Student-Management-System\system\Helpers\number_helper.php(58): format_number(10.0, 2, NULL, Array)
#1 C:\xampp\htdocs\Student-Management-System\system\Debug\BaseExceptionHandler.php(154): number_to_size(10.0, 2)
#2 C:\xampp\htdocs\Student-Management-System\app\Views\errors\html\error_exception.php(409): CodeIgniter\Debug\BaseExceptionHandler::describeMemory(10485760)
#3 C:\xampp\htdocs\Student-Management-System\system\Debug\BaseExceptionHandler.php(266): include('C:\\xampp\\htdocs...')
#4 C:\xampp\htdocs\Student-Management-System\system\Debug\BaseExceptionHandler.php(269): CodeIgniter\Debug\BaseExceptionHandler->CodeIgniter\Debug\{closure}()
#5 C:\xampp\htdocs\Student-Management-System\system\Debug\ExceptionHandler.php(114): CodeIgniter\Debug\BaseExceptionHandler->render(Object(Error), 500, 'C:\\xampp\\htdocs...')
#6 C:\xampp\htdocs\Student-Management-System\system\Debug\Exceptions.php(163): CodeIgniter\Debug\ExceptionHandler->handle(Object(Error), Object(CodeIgniter\HTTP\IncomingRequest), Object(CodeIgniter\HTTP\Response), 500, 1)
#7 [internal function]: CodeIgniter\Debug\Exceptions->exceptionHandler(Object(Error))
#8 {main}
  thrown
【Previous Exception】
Error
Class "Locale" not found
#0 C:\xampp\htdocs\Student-Management-System\system\Boot.php(312): CodeIgniter\CodeIgniter->initialize()
#1 C:\xampp\htdocs\Student-Management-System\system\Boot.php(66): CodeIgniter\Boot::initializeCodeIgniter()
#2 C:\xampp\htdocs\Student-Management-System\public\index.php(56): CodeIgniter\Boot::bootWeb(Object(Config\Paths))
#3 {main}
[Method: GET, Route: /]
in SYSTEMPATH\Helpers\number_helper.php on line 140.
 1 [internal function]: CodeIgniter\Debug\Exceptions->shutdownHandler()
CRITICAL - 2025-06-03 05:38:27 --> Error: Class "Locale" not found
[Method: GET, Route: /]
in SYSTEMPATH\CodeIgniter.php on line 190.
 1 SYSTEMPATH\Boot.php(312): CodeIgniter\CodeIgniter->initialize()
 2 SYSTEMPATH\Boot.php(66): CodeIgniter\Boot::initializeCodeIgniter()
 3 FCPATH\index.php(56): CodeIgniter\Boot::bootWeb(Object(Config\Paths))
CRITICAL - 2025-06-03 05:38:27 --> ErrorException: Uncaught Error: Class "Locale" not found in C:\xampp\htdocs\Student-Management-System\system\Helpers\number_helper.php:140
Stack trace:
#0 C:\xampp\htdocs\Student-Management-System\system\Helpers\number_helper.php(58): format_number(8.0, 2, NULL, Array)
#1 C:\xampp\htdocs\Student-Management-System\system\Debug\BaseExceptionHandler.php(154): number_to_size(8.0, 2)
#2 C:\xampp\htdocs\Student-Management-System\app\Views\errors\html\error_exception.php(409): CodeIgniter\Debug\BaseExceptionHandler::describeMemory(8388608)
#3 C:\xampp\htdocs\Student-Management-System\system\Debug\BaseExceptionHandler.php(266): include('C:\\xampp\\htdocs...')
#4 C:\xampp\htdocs\Student-Management-System\system\Debug\BaseExceptionHandler.php(269): CodeIgniter\Debug\BaseExceptionHandler->CodeIgniter\Debug\{closure}()
#5 C:\xampp\htdocs\Student-Management-System\system\Debug\ExceptionHandler.php(114): CodeIgniter\Debug\BaseExceptionHandler->render(Object(Error), 500, 'C:\\xampp\\htdocs...')
#6 C:\xampp\htdocs\Student-Management-System\system\Debug\Exceptions.php(163): CodeIgniter\Debug\ExceptionHandler->handle(Object(Error), Object(CodeIgniter\HTTP\IncomingRequest), Object(CodeIgniter\HTTP\Response), 500, 1)
#7 [internal function]: CodeIgniter\Debug\Exceptions->exceptionHandler(Object(Error))
#8 {main}
  thrown
【Previous Exception】
Error
Class "Locale" not found
#0 C:\xampp\htdocs\Student-Management-System\system\Boot.php(312): CodeIgniter\CodeIgniter->initialize()
#1 C:\xampp\htdocs\Student-Management-System\system\Boot.php(66): CodeIgniter\Boot::initializeCodeIgniter()
#2 C:\xampp\htdocs\Student-Management-System\public\index.php(56): CodeIgniter\Boot::bootWeb(Object(Config\Paths))
#3 {main}
[Method: GET, Route: /]
in SYSTEMPATH\Helpers\number_helper.php on line 140.
 1 [internal function]: CodeIgniter\Debug\Exceptions->shutdownHandler()
CRITICAL - 2025-06-03 05:38:27 --> Error: Class "Locale" not found
[Method: GET, Route: /]
in SYSTEMPATH\CodeIgniter.php on line 190.
 1 SYSTEMPATH\Boot.php(312): CodeIgniter\CodeIgniter->initialize()
 2 SYSTEMPATH\Boot.php(66): CodeIgniter\Boot::initializeCodeIgniter()
 3 FCPATH\index.php(56): CodeIgniter\Boot::bootWeb(Object(Config\Paths))
CRITICAL - 2025-06-03 05:38:27 --> ErrorException: Uncaught Error: Class "Locale" not found in C:\xampp\htdocs\Student-Management-System\system\Helpers\number_helper.php:140
Stack trace:
#0 C:\xampp\htdocs\Student-Management-System\system\Helpers\number_helper.php(58): format_number(8.0, 2, NULL, Array)
#1 C:\xampp\htdocs\Student-Management-System\system\Debug\BaseExceptionHandler.php(154): number_to_size(8.0, 2)
#2 C:\xampp\htdocs\Student-Management-System\app\Views\errors\html\error_exception.php(409): CodeIgniter\Debug\BaseExceptionHandler::describeMemory(8388608)
#3 C:\xampp\htdocs\Student-Management-System\system\Debug\BaseExceptionHandler.php(266): include('C:\\xampp\\htdocs...')
#4 C:\xampp\htdocs\Student-Management-System\system\Debug\BaseExceptionHandler.php(269): CodeIgniter\Debug\BaseExceptionHandler->CodeIgniter\Debug\{closure}()
#5 C:\xampp\htdocs\Student-Management-System\system\Debug\ExceptionHandler.php(114): CodeIgniter\Debug\BaseExceptionHandler->render(Object(Error), 500, 'C:\\xampp\\htdocs...')
#6 C:\xampp\htdocs\Student-Management-System\system\Debug\Exceptions.php(163): CodeIgniter\Debug\ExceptionHandler->handle(Object(Error), Object(CodeIgniter\HTTP\IncomingRequest), Object(CodeIgniter\HTTP\Response), 500, 1)
#7 [internal function]: CodeIgniter\Debug\Exceptions->exceptionHandler(Object(Error))
#8 {main}
  thrown
【Previous Exception】
Error
Class "Locale" not found
#0 C:\xampp\htdocs\Student-Management-System\system\Boot.php(312): CodeIgniter\CodeIgniter->initialize()
#1 C:\xampp\htdocs\Student-Management-System\system\Boot.php(66): CodeIgniter\Boot::initializeCodeIgniter()
#2 C:\xampp\htdocs\Student-Management-System\public\index.php(56): CodeIgniter\Boot::bootWeb(Object(Config\Paths))
#3 {main}
[Method: GET, Route: /]
in SYSTEMPATH\Helpers\number_helper.php on line 140.
 1 [internal function]: CodeIgniter\Debug\Exceptions->shutdownHandler()
CRITICAL - 2025-06-03 05:38:27 --> Error: Class "Locale" not found
[Method: GET, Route: /]
in SYSTEMPATH\CodeIgniter.php on line 190.
 1 SYSTEMPATH\Boot.php(312): CodeIgniter\CodeIgniter->initialize()
 2 SYSTEMPATH\Boot.php(66): CodeIgniter\Boot::initializeCodeIgniter()
 3 FCPATH\index.php(56): CodeIgniter\Boot::bootWeb(Object(Config\Paths))
CRITICAL - 2025-06-03 05:38:27 --> ErrorException: Uncaught Error: Class "Locale" not found in C:\xampp\htdocs\Student-Management-System\system\Helpers\number_helper.php:140
Stack trace:
#0 C:\xampp\htdocs\Student-Management-System\system\Helpers\number_helper.php(58): format_number(6.0, 2, NULL, Array)
#1 C:\xampp\htdocs\Student-Management-System\system\Debug\BaseExceptionHandler.php(154): number_to_size(6.0, 2)
#2 C:\xampp\htdocs\Student-Management-System\app\Views\errors\html\error_exception.php(409): CodeIgniter\Debug\BaseExceptionHandler::describeMemory(6291456)
#3 C:\xampp\htdocs\Student-Management-System\system\Debug\BaseExceptionHandler.php(266): include('C:\\xampp\\htdocs...')
#4 C:\xampp\htdocs\Student-Management-System\system\Debug\BaseExceptionHandler.php(269): CodeIgniter\Debug\BaseExceptionHandler->CodeIgniter\Debug\{closure}()
#5 C:\xampp\htdocs\Student-Management-System\system\Debug\ExceptionHandler.php(114): CodeIgniter\Debug\BaseExceptionHandler->render(Object(Error), 500, 'C:\\xampp\\htdocs...')
#6 C:\xampp\htdocs\Student-Management-System\system\Debug\Exceptions.php(163): CodeIgniter\Debug\ExceptionHandler->handle(Object(Error), Object(CodeIgniter\HTTP\IncomingRequest), Object(CodeIgniter\HTTP\Response), 500, 1)
#7 [internal function]: CodeIgniter\Debug\Exceptions->exceptionHandler(Object(Error))
#8 {main}
  thrown
【Previous Exception】
Error
Class "Locale" not found
#0 C:\xampp\htdocs\Student-Management-System\system\Boot.php(312): CodeIgniter\CodeIgniter->initialize()
#1 C:\xampp\htdocs\Student-Management-System\system\Boot.php(66): CodeIgniter\Boot::initializeCodeIgniter()
#2 C:\xampp\htdocs\Student-Management-System\public\index.php(56): CodeIgniter\Boot::bootWeb(Object(Config\Paths))
#3 {main}
[Method: GET, Route: /]
in SYSTEMPATH\Helpers\number_helper.php on line 140.
 1 [internal function]: CodeIgniter\Debug\Exceptions->shutdownHandler()
CRITICAL - 2025-06-03 05:51:35 --> Error: Class "Locale" not found
[Method: GET, Route: /]
in SYSTEMPATH\CodeIgniter.php on line 190.
 1 SYSTEMPATH\Boot.php(312): CodeIgniter\CodeIgniter->initialize()
 2 SYSTEMPATH\Boot.php(66): CodeIgniter\Boot::initializeCodeIgniter()
 3 FCPATH\index.php(56): CodeIgniter\Boot::bootWeb(Object(Config\Paths))
CRITICAL - 2025-06-03 05:51:36 --> ErrorException: Uncaught Error: Class "Locale" not found in C:\xampp\htdocs\Student-Management-System\system\Helpers\number_helper.php:140
Stack trace:
#0 C:\xampp\htdocs\Student-Management-System\system\Helpers\number_helper.php(58): format_number(10.0, 2, NULL, Array)
#1 C:\xampp\htdocs\Student-Management-System\system\Debug\BaseExceptionHandler.php(154): number_to_size(10.0, 2)
#2 C:\xampp\htdocs\Student-Management-System\app\Views\errors\html\error_exception.php(409): CodeIgniter\Debug\BaseExceptionHandler::describeMemory(10485760)
#3 C:\xampp\htdocs\Student-Management-System\system\Debug\BaseExceptionHandler.php(266): include('C:\\xampp\\htdocs...')
#4 C:\xampp\htdocs\Student-Management-System\system\Debug\BaseExceptionHandler.php(269): CodeIgniter\Debug\BaseExceptionHandler->CodeIgniter\Debug\{closure}()
#5 C:\xampp\htdocs\Student-Management-System\system\Debug\ExceptionHandler.php(114): CodeIgniter\Debug\BaseExceptionHandler->render(Object(Error), 500, 'C:\\xampp\\htdocs...')
#6 C:\xampp\htdocs\Student-Management-System\system\Debug\Exceptions.php(163): CodeIgniter\Debug\ExceptionHandler->handle(Object(Error), Object(CodeIgniter\HTTP\IncomingRequest), Object(CodeIgniter\HTTP\Response), 500, 1)
#7 [internal function]: CodeIgniter\Debug\Exceptions->exceptionHandler(Object(Error))
#8 {main}
  thrown
【Previous Exception】
Error
Class "Locale" not found
#0 C:\xampp\htdocs\Student-Management-System\system\Boot.php(312): CodeIgniter\CodeIgniter->initialize()
#1 C:\xampp\htdocs\Student-Management-System\system\Boot.php(66): CodeIgniter\Boot::initializeCodeIgniter()
#2 C:\xampp\htdocs\Student-Management-System\public\index.php(56): CodeIgniter\Boot::bootWeb(Object(Config\Paths))
#3 {main}
[Method: GET, Route: /]
in SYSTEMPATH\Helpers\number_helper.php on line 140.
 1 [internal function]: CodeIgniter\Debug\Exceptions->shutdownHandler()
INFO - 2025-06-03 03:53:31 --> Session: Class initialized using 'CodeIgniter\Session\Handlers\FileHandler' driver.
INFO - 2025-06-03 03:58:37 --> Session: Class initialized using 'CodeIgniter\Session\Handlers\FileHandler' driver.
INFO - 2025-06-03 03:58:54 --> Session: Class initialized using 'CodeIgniter\Session\Handlers\FileHandler' driver.
INFO - 2025-06-03 03:59:00 --> Session: Class initialized using 'CodeIgniter\Session\Handlers\FileHandler' driver.
INFO - 2025-06-03 03:59:08 --> Session: Class initialized using 'CodeIgniter\Session\Handlers\FileHandler' driver.
INFO - 2025-06-03 03:59:13 --> Session: Class initialized using 'CodeIgniter\Session\Handlers\FileHandler' driver.
INFO - 2025-06-03 03:59:30 --> Session: Class initialized using 'CodeIgniter\Session\Handlers\FileHandler' driver.
INFO - 2025-06-03 04:00:15 --> Session: Class initialized using 'CodeIgniter\Session\Handlers\FileHandler' driver.
INFO - 2025-06-03 04:00:35 --> Session: Class initialized using 'CodeIgniter\Session\Handlers\FileHandler' driver.
INFO - 2025-06-03 04:04:26 --> Session: Class initialized using 'CodeIgniter\Session\Handlers\FileHandler' driver.
INFO - 2025-06-03 04:04:44 --> Session: Class initialized using 'CodeIgniter\Session\Handlers\FileHandler' driver.
INFO - 2025-06-03 04:07:41 --> Session: Class initialized using 'CodeIgniter\Session\Handlers\FileHandler' driver.
INFO - 2025-06-03 04:07:42 --> Session: Class initialized using 'CodeIgniter\Session\Handlers\FileHandler' driver.
INFO - 2025-06-03 04:07:47 --> Session: Class initialized using 'CodeIgniter\Session\Handlers\FileHandler' driver.
INFO - 2025-06-03 04:07:54 --> Session: Class initialized using 'CodeIgniter\Session\Handlers\FileHandler' driver.
INFO - 2025-06-03 04:09:01 --> Session: Class initialized using 'CodeIgniter\Session\Handlers\FileHandler' driver.
INFO - 2025-06-03 04:09:16 --> Session: Class initialized using 'CodeIgniter\Session\Handlers\FileHandler' driver.
INFO - 2025-06-03 04:11:08 --> Performance Statistics: Array
(
    [summary] => Array
        (
            [Giỏi] => Array
                (
                    [current] => 37
                    [previous] => 9
                )

            [Khá] => Array
                (
                    [current] => 21
                    [previous] => 6
                )

            [Trung bình] => Array
                (
                    [current] => 12
                    [previous] => 4
                )

            [Yếu] => Array
                (
                    [current] => 0
                    [previous] => 1
                )

        )

    [changes] => Array
        (
            [Giỏi] => 311.11
            [Khá] => 250
            [Trung bình] => 200
            [Yếu] => -100
        )

)

INFO - 2025-06-03 04:11:08 --> Session: Class initialized using 'CodeIgniter\Session\Handlers\FileHandler' driver.
INFO - 2025-06-03 04:13:02 --> Session: Class initialized using 'CodeIgniter\Session\Handlers\FileHandler' driver.
INFO - 2025-06-03 04:13:07 --> Session: Class initialized using 'CodeIgniter\Session\Handlers\FileHandler' driver.
INFO - 2025-06-03 04:13:51 --> Performance Statistics: Array
(
    [summary] => Array
        (
            [Giỏi] => Array
                (
                    [current] => 37
                    [previous] => 9
                )

            [Khá] => Array
                (
                    [current] => 21
                    [previous] => 6
                )

            [Trung bình] => Array
                (
                    [current] => 12
                    [previous] => 4
                )

            [Yếu] => Array
                (
                    [current] => 0
                    [previous] => 1
                )

        )

    [changes] => Array
        (
            [Giỏi] => 311.11
            [Khá] => 250
            [Trung bình] => 200
            [Yếu] => -100
        )

)

INFO - 2025-06-03 04:13:51 --> Session: Class initialized using 'CodeIgniter\Session\Handlers\FileHandler' driver.
INFO - 2025-06-03 04:15:08 --> Performance Statistics: Array
(
    [summary] => Array
        (
            [Giỏi] => Array
                (
                    [current] => 37
                    [previous] => 9
                )

            [Khá] => Array
                (
                    [current] => 21
                    [previous] => 6
                )

            [Trung bình] => Array
                (
                    [current] => 12
                    [previous] => 4
                )

            [Yếu] => Array
                (
                    [current] => 0
                    [previous] => 1
                )

        )

    [changes] => Array
        (
            [Giỏi] => 311.11
            [Khá] => 250
            [Trung bình] => 200
            [Yếu] => -100
        )

)

INFO - 2025-06-03 04:15:08 --> Session: Class initialized using 'CodeIgniter\Session\Handlers\FileHandler' driver.
INFO - 2025-06-03 04:16:07 --> Performance Statistics: Array
(
    [summary] => Array
        (
            [Giỏi] => Array
                (
                    [current] => 37
                    [previous] => 9
                )

            [Khá] => Array
                (
                    [current] => 21
                    [previous] => 6
                )

            [Trung bình] => Array
                (
                    [current] => 12
                    [previous] => 4
                )

            [Yếu] => Array
                (
                    [current] => 0
                    [previous] => 1
                )

        )

    [changes] => Array
        (
            [Giỏi] => 311.11
            [Khá] => 250
            [Trung bình] => 200
            [Yếu] => -100
        )

)

INFO - 2025-06-03 04:16:07 --> Session: Class initialized using 'CodeIgniter\Session\Handlers\FileHandler' driver.
INFO - 2025-06-03 04:16:21 --> Session: Class initialized using 'CodeIgniter\Session\Handlers\FileHandler' driver.
INFO - 2025-06-03 04:16:47 --> Session: Class initialized using 'CodeIgniter\Session\Handlers\FileHandler' driver.
INFO - 2025-06-03 04:16:47 --> Performance Statistics: Array
(
    [summary] => Array
        (
            [Giỏi] => Array
                (
                    [current] => 37
                    [previous] => 9
                )

            [Khá] => Array
                (
                    [current] => 21
                    [previous] => 6
                )

            [Trung bình] => Array
                (
                    [current] => 12
                    [previous] => 4
                )

            [Yếu] => Array
                (
                    [current] => 0
                    [previous] => 1
                )

        )

    [changes] => Array
        (
            [Giỏi] => 311.11
            [Khá] => 250
            [Trung bình] => 200
            [Yếu] => -100
        )

)

INFO - 2025-06-03 04:16:47 --> Session: Class initialized using 'CodeIgniter\Session\Handlers\FileHandler' driver.
INFO - 2025-06-03 04:16:50 --> Enrolled Student Data: Array
(
    [0] => Array
        (
            [NamHoc] => 2023-2024
            [SoLuongHS] => 60
        )

    [1] => Array
        (
            [NamHoc] => 2024-2025
            [SoLuongHS] => 70
        )

)

INFO - 2025-06-03 04:16:50 --> Warned Student Data: Array
(
)

INFO - 2025-06-03 04:16:50 --> Session: Class initialized using 'CodeIgniter\Session\Handlers\FileHandler' driver.
INFO - 2025-06-03 04:16:51 --> Session: Class initialized using 'CodeIgniter\Session\Handlers\FileHandler' driver.
INFO - 2025-06-03 04:16:53 --> Session: Class initialized using 'CodeIgniter\Session\Handlers\FileHandler' driver.
INFO - 2025-06-03 04:16:56 --> Student List: Array
(
    [HS0061] => Array
        (
            [MaHS] => HS0061
            [HoTen] => Bùi Thị Thu Hương
            [TenLop] => 10_1
            [Diem] => Array
                (
                    [1] => Array
                        (
                            [Diem15P_1] => 8.5
                            [Diem15P_2] => 8.5
                            [Diem1Tiet_1] => 9
                            [Diem1Tiet_2] => 8.5
                            [DiemCK] => 9
                            [DiemTBMonHoc] => 8.8
                        )

                    [2] => Array
                        (
                            [Diem15P_1] => 9
                            [Diem15P_2] => 8.5
                            [Diem1Tiet_1] => 8.5
                            [Diem1Tiet_2] => 8.5
                            [DiemCK] => 9
                            [DiemTBMonHoc] => 8.7
                        )

                    [3] => Array
                        (
                            [Diem15P_1] => 8.5
                            [Diem15P_2] => 9
                            [Diem1Tiet_1] => 8.5
                            [Diem1Tiet_2] => 9
                            [DiemCK] => 8.5
                            [DiemTBMonHoc] => 8.7
                        )

                    [4] => Array
                        (
                            [Diem15P_1] => 8.5
                            [Diem15P_2] => 8.5
                            [Diem1Tiet_1] => 9
                            [Diem1Tiet_2] => 8.5
                            [DiemCK] => 8.5
                            [DiemTBMonHoc] => 8.6
                        )

                )

            [DiemHK] => 84
            [DiemTrungBinh] => 8.7
            [HocLuc] => Giỏi
            [DanhHieu] => Học sinh Giỏi
        )

    [HS0062] => Array
        (
            [MaHS] => HS0062
            [HoTen] => Võ Minh Đức
            [TenLop] => 10_1
            [Diem] => Array
                (
                    [1] => Array
                        (
                            [Diem15P_1] => 8.5
                            [Diem15P_2] => 8.5
                            [Diem1Tiet_1] => 9
                            [Diem1Tiet_2] => 8.5
                            [DiemCK] => 9
                            [DiemTBMonHoc] => 8.8
                        )

                    [2] => Array
                        (
                            [Diem15P_1] => 8.5
                            [Diem15P_2] => 9
                            [Diem1Tiet_1] => 8.5
                            [Diem1Tiet_2] => 9
                            [DiemCK] => 8.5
                            [DiemTBMonHoc] => 8.7
                        )

                    [3] => Array
                        (
                            [Diem15P_1] => 8.5
                            [Diem15P_2] => 9
                            [Diem1Tiet_1] => 8.5
                            [Diem1Tiet_2] => 8.5
                            [DiemCK] => 9
                            [DiemTBMonHoc] => 8.7
                        )

                    [4] => Array
                        (
                            [Diem15P_1] => 9
                            [Diem15P_2] => 8.5
                            [Diem1Tiet_1] => 8.5
                            [Diem1Tiet_2] => 9
                            [DiemCK] => 8.5
                            [DiemTBMonHoc] => 8.7
                        )

                )

            [DiemHK] => 84
            [DiemTrungBinh] => 8.7
            [HocLuc] => Giỏi
            [DanhHieu] => Học sinh Giỏi
        )

    [HS0063] => Array
        (
            [MaHS] => HS0063
            [HoTen] => Đặng Tiến Hùng
            [TenLop] => 10_1
            [Diem] => Array
                (
                    [1] => Array
                        (
                            [Diem15P_1] => 8.5
                            [Diem15P_2] => 8
                            [Diem1Tiet_1] => 8.5
                            [Diem1Tiet_2] => 8.5
                            [DiemCK] => 8.5
                            [DiemTBMonHoc] => 8.4
                        )

                    [2] => Array
                        (
                            [Diem15P_1] => 8.5
                            [Diem15P_2] => 8.5
                            [Diem1Tiet_1] => 8
                            [Diem1Tiet_2] => 8.5
                            [DiemCK] => 9
                            [DiemTBMonHoc] => 8.6
                        )

                    [3] => Array
                        (
                            [Diem15P_1] => 8
                            [Diem15P_2] => 8.5
                            [Diem1Tiet_1] => 8.5
                            [Diem1Tiet_2] => 8
                            [DiemCK] => 9
                            [DiemTBMonHoc] => 8.5
                        )

                    [4] => Array
                        (
                            [Diem15P_1] => 8
                            [Diem15P_2] => 8
                            [Diem1Tiet_1] => 8.5
                            [Diem1Tiet_2] => 8.5
                            [DiemCK] => 8.5
                            [DiemTBMonHoc] => 8.4
                        )

                )

            [DiemHK] => 100
            [DiemTrungBinh] => 8.5
            [HocLuc] => Giỏi
            [DanhHieu] => Học sinh Giỏi
        )

    [HS0064] => Array
        (
            [MaHS] => HS0064
            [HoTen] => Lê Minh Thư
            [TenLop] => 10_1
            [Diem] => Array
                (
                    [1] => Array
                        (
                            [Diem15P_1] => 7.5
                            [Diem15P_2] => 8
                            [Diem1Tiet_1] => 8
                            [Diem1Tiet_2] => 7.5
                            [DiemCK] => 8.5
                            [DiemTBMonHoc] => 8
                        )

                    [2] => Array
                        (
                            [Diem15P_1] => 8
                            [Diem15P_2] => 7.5
                            [Diem1Tiet_1] => 8.5
                            [Diem1Tiet_2] => 8
                            [DiemCK] => 8
                            [DiemTBMonHoc] => 8.1
                        )

                    [3] => Array
                        (
                            [Diem15P_1] => 7
                            [Diem15P_2] => 7.5
                            [Diem1Tiet_1] => 8
                            [Diem1Tiet_2] => 7
                            [DiemCK] => 7.5
                            [DiemTBMonHoc] => 7.4
                        )

                    [4] => Array
                        (
                            [Diem15P_1] => 8
                            [Diem15P_2] => 7.5
                            [Diem1Tiet_1] => 8
                            [Diem1Tiet_2] => 8.5
                            [DiemCK] => 8
                            [DiemTBMonHoc] => 8.1
                        )

                )

            [DiemHK] => 100
            [DiemTrungBinh] => 7.9
            [HocLuc] => Khá
            [DanhHieu] => Học sinh Tiên tiến
        )

    [HS0065] => Array
        (
            [MaHS] => HS0065
            [HoTen] => Hoàng Anh Quỳnh
            [TenLop] => 10_1
            [Diem] => Array
                (
                    [1] => Array
                        (
                            [Diem15P_1] => 7
                            [Diem15P_2] => 7.5
                            [Diem1Tiet_1] => 8
                            [Diem1Tiet_2] => 7
                            [DiemCK] => 8
                            [DiemTBMonHoc] => 7.6
                        )

                    [2] => Array
                        (
                            [Diem15P_1] => 7.5
                            [Diem15P_2] => 8
                            [Diem1Tiet_1] => 7.5
                            [Diem1Tiet_2] => 7
                            [DiemCK] => 8.5
                            [DiemTBMonHoc] => 7.8
                        )

                    [3] => Array
                        (
                            [Diem15P_1] => 8
                            [Diem15P_2] => 7.5
                            [Diem1Tiet_1] => 8
                            [Diem1Tiet_2] => 8
                            [DiemCK] => 8.5
                            [DiemTBMonHoc] => 8.1
                        )

                    [4] => Array
                        (
                            [Diem15P_1] => 7.5
                            [Diem15P_2] => 7
                            [Diem1Tiet_1] => 8
                            [Diem1Tiet_2] => 7.5
                            [DiemCK] => 8
                            [DiemTBMonHoc] => 7.7
                        )

                )

            [DiemHK] => 100
            [DiemTrungBinh] => 7.8
            [HocLuc] => Khá
            [DanhHieu] => Học sinh Tiên tiến
        )

    [HS0066] => Array
        (
            [MaHS] => HS0066
            [HoTen] => Nguyễn Kim Hải
            [TenLop] => 10_1
            [Diem] => Array
                (
                    [1] => Array
                        (
                            [Diem15P_1] => 7
                            [Diem15P_2] => 7.5
                            [Diem1Tiet_1] => 7
                            [Diem1Tiet_2] => 7
                            [DiemCK] => 7.5
                            [DiemTBMonHoc] => 7.2
                        )

                    [2] => Array
                        (
                            [Diem15P_1] => 7.5
                            [Diem15P_2] => 7
                            [Diem1Tiet_1] => 7.5
                            [Diem1Tiet_2] => 7
                            [DiemCK] => 7.5
                            [DiemTBMonHoc] => 7.3
                        )

                    [3] => Array
                        (
                            [Diem15P_1] => 7
                            [Diem15P_2] => 7.5
                            [Diem1Tiet_1] => 6.5
                            [Diem1Tiet_2] => 7
                            [DiemCK] => 7.5
                            [DiemTBMonHoc] => 7.1
                        )

                    [4] => Array
                        (
                            [Diem15P_1] => 7.5
                            [Diem15P_2] => 6.5
                            [Diem1Tiet_1] => 7
                            [Diem1Tiet_2] => 7.5
                            [DiemCK] => 7.5
                            [DiemTBMonHoc] => 7.3
                        )

                )

            [DiemHK] => 100
            [DiemTrungBinh] => 7.2
            [HocLuc] => Khá
            [DanhHieu] => Học sinh Tiên tiến
        )

    [HS0067] => Array
        (
            [MaHS] => HS0067
            [HoTen] => Trần Quốc Duy
            [TenLop] => 10_1
            [Diem] => Array
                (
                    [1] => Array
                        (
                            [Diem15P_1] => 7
                            [Diem15P_2] => 8
                            [Diem1Tiet_1] => 7
                            [Diem1Tiet_2] => 7.5
                            [DiemCK] => 8
                            [DiemTBMonHoc] => 7.6
                        )

                    [2] => Array
                        (
                            [Diem15P_1] => 7.5
                            [Diem15P_2] => 7.5
                            [Diem1Tiet_1] => 7
                            [Diem1Tiet_2] => 7.5
                            [DiemCK] => 8.5
                            [DiemTBMonHoc] => 7.7
                        )

                    [3] => Array
                        (
                            [Diem15P_1] => 7.5
                            [Diem15P_2] => 8
                            [Diem1Tiet_1] => 7.5
                            [Diem1Tiet_2] => 7.5
                            [DiemCK] => 8
                            [DiemTBMonHoc] => 7.7
                        )

                    [4] => Array
                        (
                            [Diem15P_1] => 8
                            [Diem15P_2] => 7.5
                            [Diem1Tiet_1] => 7.5
                            [Diem1Tiet_2] => 8
                            [DiemCK] => 8
                            [DiemTBMonHoc] => 7.8
                        )

                )

            [DiemHK] => 100
            [DiemTrungBinh] => 7.7
            [HocLuc] => Khá
            [DanhHieu] => Học sinh Tiên tiến
        )

    [HS0068] => Array
        (
            [MaHS] => HS0068
            [HoTen] => Lê Quang Hiếu
            [TenLop] => 10_1
            [Diem] => Array
                (
                    [1] => Array
                        (
                            [Diem15P_1] => 7
                            [Diem15P_2] => 7.5
                            [Diem1Tiet_1] => 7
                            [Diem1Tiet_2] => 7
                            [DiemCK] => 7.5
                            [DiemTBMonHoc] => 7.2
                        )

                    [2] => Array
                        (
                            [Diem15P_1] => 7.5
                            [Diem15P_2] => 7
                            [Diem1Tiet_1] => 7
                            [Diem1Tiet_2] => 7.5
                            [DiemCK] => 7.5
                            [DiemTBMonHoc] => 7.3
                        )

                    [3] => Array
                        (
                            [Diem15P_1] => 7
                            [Diem15P_2] => 7.5
                            [Diem1Tiet_1] => 7
                            [Diem1Tiet_2] => 7.5
                            [DiemCK] => 7.5
                            [DiemTBMonHoc] => 7.3
                        )

                    [4] => Array
                        (
                            [Diem15P_1] => 6.5
                            [Diem15P_2] => 7
                            [Diem1Tiet_1] => 7
                            [Diem1Tiet_2] => 7.5
                            [DiemCK] => 7.5
                            [DiemTBMonHoc] => 7.2
                        )

                )

            [DiemHK] => 100
            [DiemTrungBinh] => 7.3
            [HocLuc] => Khá
            [DanhHieu] => Học sinh Tiên tiến
        )

    [HS0069] => Array
        (
            [MaHS] => HS0069
            [HoTen] => Phan Minh Quang
            [TenLop] => 10_1
            [Diem] => Array
                (
                    [1] => Array
                        (
                            [Diem15P_1] => 6
                            [Diem15P_2] => 6
                            [Diem1Tiet_1] => 5.5
                            [Diem1Tiet_2] => 6
                            [DiemCK] => 6.5
                            [DiemTBMonHoc] => 6.1
                        )

                    [2] => Array
                        (
                            [Diem15P_1] => 6
                            [Diem15P_2] => 5.5
                            [Diem1Tiet_1] => 5.5
                            [Diem1Tiet_2] => 6
                            [DiemCK] => 6
                            [DiemTBMonHoc] => 5.8
                        )

                    [3] => Array
                        (
                            [Diem15P_1] => 5.5
                            [Diem15P_2] => 5.5
                            [Diem1Tiet_1] => 5
                            [Diem1Tiet_2] => 5.5
                            [DiemCK] => 6
                            [DiemTBMonHoc] => 5.6
                        )

                    [4] => Array
                        (
                            [Diem15P_1] => 5.5
                            [Diem15P_2] => 5
                            [Diem1Tiet_1] => 5.5
                            [Diem1Tiet_2] => 5
                            [DiemCK] => 5.5
                            [DiemTBMonHoc] => 5.3
                        )

                )

            [DiemHK] => 100
            [DiemTrungBinh] => 5.7
            [HocLuc] => Trung bình
            [DanhHieu] => Học sinh Trung bình
        )

    [HS0070] => Array
        (
            [MaHS] => HS0070
            [HoTen] => Bùi Tiến Minh
            [TenLop] => 10_1
            [Diem] => Array
                (
                    [1] => Array
                        (
                            [Diem15P_1] => 4.5
                            [Diem15P_2] => 5
                            [Diem1Tiet_1] => 5
                            [Diem1Tiet_2] => 5.5
                            [DiemCK] => 5.5
                            [DiemTBMonHoc] => 5.2
                        )

                    [2] => Array
                        (
                            [Diem15P_1] => 5
                            [Diem15P_2] => 5
                            [Diem1Tiet_1] => 5
                            [Diem1Tiet_2] => 5.5
                            [DiemCK] => 5
                            [DiemTBMonHoc] => 5.1
                        )

                    [3] => Array
                        (
                            [Diem15P_1] => 5
                            [Diem15P_2] => 4.5
                            [Diem1Tiet_1] => 5
                            [Diem1Tiet_2] => 5
                            [DiemCK] => 5
                            [DiemTBMonHoc] => 4.9
                        )

                    [4] => Array
                        (
                            [Diem15P_1] => 5.5
                            [Diem15P_2] => 5
                            [Diem1Tiet_1] => 5
                            [Diem1Tiet_2] => 5.5
                            [DiemCK] => 5
                            [DiemTBMonHoc] => 5.2
                        )

                )

            [DiemHK] => 100
            [DiemTrungBinh] => 5.1
            [HocLuc] => Trung bình
            [DanhHieu] => Học sinh Trung bình
        )

    [HS0071] => Array
        (
            [MaHS] => HS0071
            [HoTen] => Đoàn Minh Tuấn
            [TenLop] => 10_1
            [Diem] => Array
                (
                    [1] => Array
                        (
                            [Diem15P_1] => 8.5
                            [Diem15P_2] => 8.5
                            [Diem1Tiet_1] => 9
                            [Diem1Tiet_2] => 8.5
                            [DiemCK] => 9
                            [DiemTBMonHoc] => 8.8
                        )

                    [2] => Array
                        (
                            [Diem15P_1] => 9
                            [Diem15P_2] => 8.5
                            [Diem1Tiet_1] => 8.5
                            [Diem1Tiet_2] => 8.5
                            [DiemCK] => 9
                            [DiemTBMonHoc] => 8.7
                        )

                    [3] => Array
                        (
                            [Diem15P_1] => 8.5
                            [Diem15P_2] => 9
                            [Diem1Tiet_1] => 8.5
                            [Diem1Tiet_2] => 9
                            [DiemCK] => 8.5
                            [DiemTBMonHoc] => 8.7
                        )

                    [4] => Array
                        (
                            [Diem15P_1] => 8.5
                            [Diem15P_2] => 8.5
                            [Diem1Tiet_1] => 9
                            [Diem1Tiet_2] => 8.5
                            [DiemCK] => 8.5
                            [DiemTBMonHoc] => 8.6
                        )

                )

            [DiemHK] => 100
            [DiemTrungBinh] => 8.7
            [HocLuc] => Giỏi
            [DanhHieu] => Học sinh Giỏi
        )

    [HS0072] => Array
        (
            [MaHS] => HS0072
            [HoTen] => Võ Minh Quý
            [TenLop] => 10_1
            [Diem] => Array
                (
                    [1] => Array
                        (
                            [Diem15P_1] => 8.5
                            [Diem15P_2] => 8.5
                            [Diem1Tiet_1] => 9
                            [Diem1Tiet_2] => 8.5
                            [DiemCK] => 9
                            [DiemTBMonHoc] => 8.8
                        )

                    [2] => Array
                        (
                            [Diem15P_1] => 8.5
                            [Diem15P_2] => 9
                            [Diem1Tiet_1] => 8.5
                            [Diem1Tiet_2] => 9
                            [DiemCK] => 8.5
                            [DiemTBMonHoc] => 8.7
                        )

                    [3] => Array
                        (
                            [Diem15P_1] => 8.5
                            [Diem15P_2] => 9
                            [Diem1Tiet_1] => 8.5
                            [Diem1Tiet_2] => 8.5
                            [DiemCK] => 9
                            [DiemTBMonHoc] => 8.7
                        )

                    [4] => Array
                        (
                            [Diem15P_1] => 9
                            [Diem15P_2] => 8.5
                            [Diem1Tiet_1] => 8.5
                            [Diem1Tiet_2] => 9
                            [DiemCK] => 8.5
                            [DiemTBMonHoc] => 8.7
                        )

                )

            [DiemHK] => 100
            [DiemTrungBinh] => 8.7
            [HocLuc] => Giỏi
            [DanhHieu] => Học sinh Giỏi
        )

    [HS0073] => Array
        (
            [MaHS] => HS0073
            [HoTen] => Nguyễn Minh Quân
            [TenLop] => 10_1
            [Diem] => Array
                (
                    [1] => Array
                        (
                            [Diem15P_1] => 8.5
                            [Diem15P_2] => 8
                            [Diem1Tiet_1] => 8.5
                            [Diem1Tiet_2] => 8.5
                            [DiemCK] => 8.5
                            [DiemTBMonHoc] => 8.4
                        )

                    [2] => Array
                        (
                            [Diem15P_1] => 8.5
                            [Diem15P_2] => 8.5
                            [Diem1Tiet_1] => 8
                            [Diem1Tiet_2] => 8.5
                            [DiemCK] => 9
                            [DiemTBMonHoc] => 8.6
                        )

                    [3] => Array
                        (
                            [Diem15P_1] => 8
                            [Diem15P_2] => 8.5
                            [Diem1Tiet_1] => 8.5
                            [Diem1Tiet_2] => 8
                            [DiemCK] => 9
                            [DiemTBMonHoc] => 8.5
                        )

                    [4] => Array
                        (
                            [Diem15P_1] => 8
                            [Diem15P_2] => 8
                            [Diem1Tiet_1] => 8.5
                            [Diem1Tiet_2] => 8.5
                            [DiemCK] => 8.5
                            [DiemTBMonHoc] => 8.4
                        )

                )

            [DiemHK] => 100
            [DiemTrungBinh] => 8.5
            [HocLuc] => Giỏi
            [DanhHieu] => Học sinh Giỏi
        )

    [HS0074] => Array
        (
            [MaHS] => HS0074
            [HoTen] => Lê Quang Duy
            [TenLop] => 10_1
            [Diem] => Array
                (
                    [1] => Array
                        (
                            [Diem15P_1] => 7.5
                            [Diem15P_2] => 8
                            [Diem1Tiet_1] => 8
                            [Diem1Tiet_2] => 7.5
                            [DiemCK] => 8.5
                            [DiemTBMonHoc] => 8
                        )

                    [2] => Array
                        (
                            [Diem15P_1] => 8
                            [Diem15P_2] => 7.5
                            [Diem1Tiet_1] => 8.5
                            [Diem1Tiet_2] => 8
                            [DiemCK] => 8
                            [DiemTBMonHoc] => 8.1
                        )

                    [3] => Array
                        (
                            [Diem15P_1] => 7
                            [Diem15P_2] => 7.5
                            [Diem1Tiet_1] => 8
                            [Diem1Tiet_2] => 7
                            [DiemCK] => 7.5
                            [DiemTBMonHoc] => 7.4
                        )

                    [4] => Array
                        (
                            [Diem15P_1] => 8
                            [Diem15P_2] => 7.5
                            [Diem1Tiet_1] => 8
                            [Diem1Tiet_2] => 8.5
                            [DiemCK] => 8
                            [DiemTBMonHoc] => 8.1
                        )

                )

            [DiemHK] => 100
            [DiemTrungBinh] => 7.9
            [HocLuc] => Khá
            [DanhHieu] => Học sinh Tiên tiến
        )

    [HS0075] => Array
        (
            [MaHS] => HS0075
            [HoTen] => Phan Anh Tâm
            [TenLop] => 10_1
            [Diem] => Array
                (
                    [1] => Array
                        (
                            [Diem15P_1] => 7
                            [Diem15P_2] => 7.5
                            [Diem1Tiet_1] => 8
                            [Diem1Tiet_2] => 7
                            [DiemCK] => 8
                            [DiemTBMonHoc] => 7.6
                        )

                    [2] => Array
                        (
                            [Diem15P_1] => 7.5
                            [Diem15P_2] => 8
                            [Diem1Tiet_1] => 7.5
                            [Diem1Tiet_2] => 7
                            [DiemCK] => 8.5
                            [DiemTBMonHoc] => 7.8
                        )

                    [3] => Array
                        (
                            [Diem15P_1] => 8
                            [Diem15P_2] => 7.5
                            [Diem1Tiet_1] => 8
                            [Diem1Tiet_2] => 8
                            [DiemCK] => 8.5
                            [DiemTBMonHoc] => 8.1
                        )

                    [4] => Array
                        (
                            [Diem15P_1] => 7.5
                            [Diem15P_2] => 7
                            [Diem1Tiet_1] => 8
                            [Diem1Tiet_2] => 7.5
                            [DiemCK] => 8
                            [DiemTBMonHoc] => 7.7
                        )

                )

            [DiemHK] => 100
            [DiemTrungBinh] => 7.8
            [HocLuc] => Khá
            [DanhHieu] => Học sinh Tiên tiến
        )

    [HS0076] => Array
        (
            [MaHS] => HS0076
            [HoTen] => Nguyễn Khánh Huy
            [TenLop] => 10_1
            [Diem] => Array
                (
                    [1] => Array
                        (
                            [Diem15P_1] => 7
                            [Diem15P_2] => 7.5
                            [Diem1Tiet_1] => 7
                            [Diem1Tiet_2] => 7
                            [DiemCK] => 7.5
                            [DiemTBMonHoc] => 7.2
                        )

                    [2] => Array
                        (
                            [Diem15P_1] => 7.5
                            [Diem15P_2] => 7
                            [Diem1Tiet_1] => 7.5
                            [Diem1Tiet_2] => 7
                            [DiemCK] => 7.5
                            [DiemTBMonHoc] => 7.3
                        )

                    [3] => Array
                        (
                            [Diem15P_1] => 7
                            [Diem15P_2] => 7.5
                            [Diem1Tiet_1] => 6.5
                            [Diem1Tiet_2] => 7
                            [DiemCK] => 7.5
                            [DiemTBMonHoc] => 7.1
                        )

                    [4] => Array
                        (
                            [Diem15P_1] => 7.5
                            [Diem15P_2] => 6.5
                            [Diem1Tiet_1] => 7
                            [Diem1Tiet_2] => 7.5
                            [DiemCK] => 7.5
                            [DiemTBMonHoc] => 7.3
                        )

                )

            [DiemHK] => 100
            [DiemTrungBinh] => 7.2
            [HocLuc] => Khá
            [DanhHieu] => Học sinh Tiên tiến
        )

    [HS0077] => Array
        (
            [MaHS] => HS0077
            [HoTen] => Trần Minh Tuấn
            [TenLop] => 10_1
            [Diem] => Array
                (
                    [1] => Array
                        (
                            [Diem15P_1] => 7
                            [Diem15P_2] => 8
                            [Diem1Tiet_1] => 7
                            [Diem1Tiet_2] => 7.5
                            [DiemCK] => 8
                            [DiemTBMonHoc] => 7.6
                        )

                    [2] => Array
                        (
                            [Diem15P_1] => 7.5
                            [Diem15P_2] => 7.5
                            [Diem1Tiet_1] => 7
                            [Diem1Tiet_2] => 7.5
                            [DiemCK] => 8.5
                            [DiemTBMonHoc] => 7.7
                        )

                    [3] => Array
                        (
                            [Diem15P_1] => 7.5
                            [Diem15P_2] => 8
                            [Diem1Tiet_1] => 7.5
                            [Diem1Tiet_2] => 7.5
                            [DiemCK] => 8
                            [DiemTBMonHoc] => 7.7
                        )

                    [4] => Array
                        (
                            [Diem15P_1] => 8
                            [Diem15P_2] => 7.5
                            [Diem1Tiet_1] => 7.5
                            [Diem1Tiet_2] => 8
                            [DiemCK] => 8
                            [DiemTBMonHoc] => 7.8
                        )

                )

            [DiemHK] => 100
            [DiemTrungBinh] => 7.7
            [HocLuc] => Khá
            [DanhHieu] => Học sinh Tiên tiến
        )

    [HS0078] => Array
        (
            [MaHS] => HS0078
            [HoTen] => Phan Thanh Hòa
            [TenLop] => 10_1
            [Diem] => Array
                (
                    [1] => Array
                        (
                            [Diem15P_1] => 7
                            [Diem15P_2] => 7.5
                            [Diem1Tiet_1] => 7
                            [Diem1Tiet_2] => 7
                            [DiemCK] => 7.5
                            [DiemTBMonHoc] => 7.2
                        )

                    [2] => Array
                        (
                            [Diem15P_1] => 7.5
                            [Diem15P_2] => 7
                            [Diem1Tiet_1] => 7
                            [Diem1Tiet_2] => 7.5
                            [DiemCK] => 7.5
                            [DiemTBMonHoc] => 7.3
                        )

                    [3] => Array
                        (
                            [Diem15P_1] => 7
                            [Diem15P_2] => 7.5
                            [Diem1Tiet_1] => 7
                            [Diem1Tiet_2] => 7.5
                            [DiemCK] => 7.5
                            [DiemTBMonHoc] => 7.3
                        )

                    [4] => Array
                        (
                            [Diem15P_1] => 6.5
                            [Diem15P_2] => 7
                            [Diem1Tiet_1] => 7
                            [Diem1Tiet_2] => 7.5
                            [DiemCK] => 7.5
                            [DiemTBMonHoc] => 7.2
                        )

                )

            [DiemHK] => 100
            [DiemTrungBinh] => 7.3
            [HocLuc] => Khá
            [DanhHieu] => Học sinh Tiên tiến
        )

    [HS0079] => Array
        (
            [MaHS] => HS0079
            [HoTen] => Lê Thị Lan
            [TenLop] => 10_1
            [Diem] => Array
                (
                    [1] => Array
                        (
                            [Diem15P_1] => 6
                            [Diem15P_2] => 6
                            [Diem1Tiet_1] => 5.5
                            [Diem1Tiet_2] => 6
                            [DiemCK] => 6.5
                            [DiemTBMonHoc] => 6.1
                        )

                    [2] => Array
                        (
                            [Diem15P_1] => 6
                            [Diem15P_2] => 5.5
                            [Diem1Tiet_1] => 5.5
                            [Diem1Tiet_2] => 6
                            [DiemCK] => 6
                            [DiemTBMonHoc] => 5.8
                        )

                    [3] => Array
                        (
                            [Diem15P_1] => 5.5
                            [Diem15P_2] => 5.5
                            [Diem1Tiet_1] => 5
                            [Diem1Tiet_2] => 5.5
                            [DiemCK] => 6
                            [DiemTBMonHoc] => 5.6
                        )

                    [4] => Array
                        (
                            [Diem15P_1] => 5.5
                            [Diem15P_2] => 5
                            [Diem1Tiet_1] => 5.5
                            [Diem1Tiet_2] => 5
                            [DiemCK] => 5.5
                            [DiemTBMonHoc] => 5.3
                        )

                )

            [DiemHK] => 100
            [DiemTrungBinh] => 5.7
            [HocLuc] => Trung bình
            [DanhHieu] => Học sinh Trung bình
        )

    [HS0080] => Array
        (
            [MaHS] => HS0080
            [HoTen] => Nguyễn Quang Bình
            [TenLop] => 10_1
            [Diem] => Array
                (
                    [1] => Array
                        (
                            [Diem15P_1] => 4.5
                            [Diem15P_2] => 5
                            [Diem1Tiet_1] => 5
                            [Diem1Tiet_2] => 5.5
                            [DiemCK] => 5.5
                            [DiemTBMonHoc] => 5.2
                        )

                    [2] => Array
                        (
                            [Diem15P_1] => 5
                            [Diem15P_2] => 5
                            [Diem1Tiet_1] => 5
                            [Diem1Tiet_2] => 5.5
                            [DiemCK] => 5
                            [DiemTBMonHoc] => 5.1
                        )

                    [3] => Array
                        (
                            [Diem15P_1] => 5
                            [Diem15P_2] => 4.5
                            [Diem1Tiet_1] => 5
                            [Diem1Tiet_2] => 5
                            [DiemCK] => 5
                            [DiemTBMonHoc] => 4.9
                        )

                    [4] => Array
                        (
                            [Diem15P_1] => 5.5
                            [Diem15P_2] => 5
                            [Diem1Tiet_1] => 5
                            [Diem1Tiet_2] => 5.5
                            [DiemCK] => 5
                            [DiemTBMonHoc] => 5.2
                        )

                )

            [DiemHK] => 100
            [DiemTrungBinh] => 5.1
            [HocLuc] => Trung bình
            [DanhHieu] => Học sinh Trung bình
        )

    [HS0081] => Array
        (
            [MaHS] => HS0081
            [HoTen] => Vũ Thanh Thảo
            [TenLop] => 10_1
            [Diem] => Array
                (
                    [1] => Array
                        (
                            [Diem15P_1] => 8.5
                            [Diem15P_2] => 8.5
                            [Diem1Tiet_1] => 9
                            [Diem1Tiet_2] => 8.5
                            [DiemCK] => 9
                            [DiemTBMonHoc] => 8.8
                        )

                    [2] => Array
                        (
                            [Diem15P_1] => 9
                            [Diem15P_2] => 8.5
                            [Diem1Tiet_1] => 8.5
                            [Diem1Tiet_2] => 8.5
                            [DiemCK] => 9
                            [DiemTBMonHoc] => 8.7
                        )

                    [3] => Array
                        (
                            [Diem15P_1] => 8.5
                            [Diem15P_2] => 9
                            [Diem1Tiet_1] => 8.5
                            [Diem1Tiet_2] => 9
                            [DiemCK] => 8.5
                            [DiemTBMonHoc] => 8.7
                        )

                    [4] => Array
                        (
                            [Diem15P_1] => 8.5
                            [Diem15P_2] => 8.5
                            [Diem1Tiet_1] => 9
                            [Diem1Tiet_2] => 8.5
                            [DiemCK] => 8.5
                            [DiemTBMonHoc] => 8.6
                        )

                )

            [DiemHK] => 100
            [DiemTrungBinh] => 8.7
            [HocLuc] => Giỏi
            [DanhHieu] => Học sinh Giỏi
        )

    [HS0082] => Array
        (
            [MaHS] => HS0082
            [HoTen] => Lý Thanh Vân
            [TenLop] => 10_1
            [Diem] => Array
                (
                    [1] => Array
                        (
                            [Diem15P_1] => 8.5
                            [Diem15P_2] => 8.5
                            [Diem1Tiet_1] => 9
                            [Diem1Tiet_2] => 8.5
                            [DiemCK] => 9
                            [DiemTBMonHoc] => 8.8
                        )

                    [2] => Array
                        (
                            [Diem15P_1] => 8.5
                            [Diem15P_2] => 9
                            [Diem1Tiet_1] => 8.5
                            [Diem1Tiet_2] => 9
                            [DiemCK] => 8.5
                            [DiemTBMonHoc] => 8.7
                        )

                    [3] => Array
                        (
                            [Diem15P_1] => 8.5
                            [Diem15P_2] => 9
                            [Diem1Tiet_1] => 8.5
                            [Diem1Tiet_2] => 8.5
                            [DiemCK] => 9
                            [DiemTBMonHoc] => 8.7
                        )

                    [4] => Array
                        (
                            [Diem15P_1] => 9
                            [Diem15P_2] => 8.5
                            [Diem1Tiet_1] => 8.5
                            [Diem1Tiet_2] => 9
                            [DiemCK] => 8.5
                            [DiemTBMonHoc] => 8.7
                        )

                )

            [DiemHK] => 100
            [DiemTrungBinh] => 8.7
            [HocLuc] => Giỏi
            [DanhHieu] => Học sinh Giỏi
        )

    [HS0083] => Array
        (
            [MaHS] => HS0083
            [HoTen] => Hồ Minh Tâm
            [TenLop] => 10_1
            [Diem] => Array
                (
                    [1] => Array
                        (
                            [Diem15P_1] => 8.5
                            [Diem15P_2] => 8
                            [Diem1Tiet_1] => 8.5
                            [Diem1Tiet_2] => 8.5
                            [DiemCK] => 8.5
                            [DiemTBMonHoc] => 8.4
                        )

                    [2] => Array
                        (
                            [Diem15P_1] => 8.5
                            [Diem15P_2] => 8.5
                            [Diem1Tiet_1] => 8
                            [Diem1Tiet_2] => 8.5
                            [DiemCK] => 9
                            [DiemTBMonHoc] => 8.6
                        )

                    [3] => Array
                        (
                            [Diem15P_1] => 8
                            [Diem15P_2] => 8.5
                            [Diem1Tiet_1] => 8.5
                            [Diem1Tiet_2] => 8
                            [DiemCK] => 9
                            [DiemTBMonHoc] => 8.5
                        )

                    [4] => Array
                        (
                            [Diem15P_1] => 8
                            [Diem15P_2] => 8
                            [Diem1Tiet_1] => 8.5
                            [Diem1Tiet_2] => 8.5
                            [DiemCK] => 8.5
                            [DiemTBMonHoc] => 8.4
                        )

                )

            [DiemHK] => 100
            [DiemTrungBinh] => 8.5
            [HocLuc] => Giỏi
            [DanhHieu] => Học sinh Giỏi
        )

    [HS0084] => Array
        (
            [MaHS] => HS0084
            [HoTen] => Bùi Thị Lan Anh
            [TenLop] => 10_1
            [Diem] => Array
                (
                    [1] => Array
                        (
                            [Diem15P_1] => 7.5
                            [Diem15P_2] => 8
                            [Diem1Tiet_1] => 8
                            [Diem1Tiet_2] => 7.5
                            [DiemCK] => 8.5
                            [DiemTBMonHoc] => 8
                        )

                    [2] => Array
                        (
                            [Diem15P_1] => 8
                            [Diem15P_2] => 7.5
                            [Diem1Tiet_1] => 8.5
                            [Diem1Tiet_2] => 8
                            [DiemCK] => 8
                            [DiemTBMonHoc] => 8.1
                        )

                    [3] => Array
                        (
                            [Diem15P_1] => 7
                            [Diem15P_2] => 7.5
                            [Diem1Tiet_1] => 8
                            [Diem1Tiet_2] => 7
                            [DiemCK] => 7.5
                            [DiemTBMonHoc] => 7.4
                        )

                    [4] => Array
                        (
                            [Diem15P_1] => 8
                            [Diem15P_2] => 7.5
                            [Diem1Tiet_1] => 8
                            [Diem1Tiet_2] => 8.5
                            [DiemCK] => 8
                            [DiemTBMonHoc] => 8.1
                        )

                )

            [DiemHK] => 100
            [DiemTrungBinh] => 7.9
            [HocLuc] => Khá
            [DanhHieu] => Học sinh Tiên tiến
        )

    [HS0085] => Array
        (
            [MaHS] => HS0085
            [HoTen] => Phan Quang Tuân
            [TenLop] => 10_1
            [Diem] => Array
                (
                    [1] => Array
                        (
                            [Diem15P_1] => 7
                            [Diem15P_2] => 7.5
                            [Diem1Tiet_1] => 8
                            [Diem1Tiet_2] => 7
                            [DiemCK] => 8
                            [DiemTBMonHoc] => 7.6
                        )

                    [2] => Array
                        (
                            [Diem15P_1] => 7.5
                            [Diem15P_2] => 8
                            [Diem1Tiet_1] => 7.5
                            [Diem1Tiet_2] => 7
                            [DiemCK] => 8.5
                            [DiemTBMonHoc] => 7.8
                        )

                    [3] => Array
                        (
                            [Diem15P_1] => 8
                            [Diem15P_2] => 7.5
                            [Diem1Tiet_1] => 8
                            [Diem1Tiet_2] => 8
                            [DiemCK] => 8.5
                            [DiemTBMonHoc] => 8.1
                        )

                    [4] => Array
                        (
                            [Diem15P_1] => 7.5
                            [Diem15P_2] => 7
                            [Diem1Tiet_1] => 8
                            [Diem1Tiet_2] => 7.5
                            [DiemCK] => 8
                            [DiemTBMonHoc] => 7.7
                        )

                )

            [DiemHK] => 100
            [DiemTrungBinh] => 7.8
            [HocLuc] => Khá
            [DanhHieu] => Học sinh Tiên tiến
        )

    [HS0086] => Array
        (
            [MaHS] => HS0086
            [HoTen] => Ngô Minh Khôi
            [TenLop] => 10_1
            [Diem] => Array
                (
                    [1] => Array
                        (
                            [Diem15P_1] => 7
                            [Diem15P_2] => 7.5
                            [Diem1Tiet_1] => 7
                            [Diem1Tiet_2] => 7
                            [DiemCK] => 7.5
                            [DiemTBMonHoc] => 7.2
                        )

                    [2] => Array
                        (
                            [Diem15P_1] => 7.5
                            [Diem15P_2] => 7
                            [Diem1Tiet_1] => 7.5
                            [Diem1Tiet_2] => 7
                            [DiemCK] => 7.5
                            [DiemTBMonHoc] => 7.3
                        )

                    [3] => Array
                        (
                            [Diem15P_1] => 7
                            [Diem15P_2] => 7.5
                            [Diem1Tiet_1] => 6.5
                            [Diem1Tiet_2] => 7
                            [DiemCK] => 7.5
                            [DiemTBMonHoc] => 7.1
                        )

                    [4] => Array
                        (
                            [Diem15P_1] => 7.5
                            [Diem15P_2] => 6.5
                            [Diem1Tiet_1] => 7
                            [Diem1Tiet_2] => 7.5
                            [DiemCK] => 7.5
                            [DiemTBMonHoc] => 7.3
                        )

                )

            [DiemHK] => 100
            [DiemTrungBinh] => 7.2
            [HocLuc] => Khá
            [DanhHieu] => Học sinh Tiên tiến
        )

    [HS0087] => Array
        (
            [MaHS] => HS0087
            [HoTen] => Đoàn Thị Ngọc
            [TenLop] => 10_1
            [Diem] => Array
                (
                    [1] => Array
                        (
                            [Diem15P_1] => 7
                            [Diem15P_2] => 8
                            [Diem1Tiet_1] => 7
                            [Diem1Tiet_2] => 7.5
                            [DiemCK] => 8
                            [DiemTBMonHoc] => 7.6
                        )

                    [2] => Array
                        (
                            [Diem15P_1] => 7.5
                            [Diem15P_2] => 7.5
                            [Diem1Tiet_1] => 7
                            [Diem1Tiet_2] => 7.5
                            [DiemCK] => 8.5
                            [DiemTBMonHoc] => 7.7
                        )

                    [3] => Array
                        (
                            [Diem15P_1] => 7.5
                            [Diem15P_2] => 8
                            [Diem1Tiet_1] => 7.5
                            [Diem1Tiet_2] => 7.5
                            [DiemCK] => 8
                            [DiemTBMonHoc] => 7.7
                        )

                    [4] => Array
                        (
                            [Diem15P_1] => 8
                            [Diem15P_2] => 7.5
                            [Diem1Tiet_1] => 7.5
                            [Diem1Tiet_2] => 8
                            [DiemCK] => 8
                            [DiemTBMonHoc] => 7.8
                        )

                )

            [DiemHK] => 100
            [DiemTrungBinh] => 7.7
            [HocLuc] => Khá
            [DanhHieu] => Học sinh Tiên tiến
        )

    [HS0088] => Array
        (
            [MaHS] => HS0088
            [HoTen] => Hoàng Thanh Tâm
            [TenLop] => 10_1
            [Diem] => Array
                (
                    [1] => Array
                        (
                            [Diem15P_1] => 7
                            [Diem15P_2] => 7.5
                            [Diem1Tiet_1] => 7
                            [Diem1Tiet_2] => 7
                            [DiemCK] => 7.5
                            [DiemTBMonHoc] => 7.2
                        )

                    [2] => Array
                        (
                            [Diem15P_1] => 7.5
                            [Diem15P_2] => 7
                            [Diem1Tiet_1] => 7
                            [Diem1Tiet_2] => 7.5
                            [DiemCK] => 7.5
                            [DiemTBMonHoc] => 7.3
                        )

                    [3] => Array
                        (
                            [Diem15P_1] => 7
                            [Diem15P_2] => 7.5
                            [Diem1Tiet_1] => 7
                            [Diem1Tiet_2] => 7.5
                            [DiemCK] => 7.5
                            [DiemTBMonHoc] => 7.3
                        )

                    [4] => Array
                        (
                            [Diem15P_1] => 6.5
                            [Diem15P_2] => 7
                            [Diem1Tiet_1] => 7
                            [Diem1Tiet_2] => 7.5
                            [DiemCK] => 7.5
                            [DiemTBMonHoc] => 7.2
                        )

                )

            [DiemHK] => 100
            [DiemTrungBinh] => 7.3
            [HocLuc] => Khá
            [DanhHieu] => Học sinh Tiên tiến
        )

    [HS0089] => Array
        (
            [MaHS] => HS0089
            [HoTen] => Dương Minh Khánh
            [TenLop] => 10_1
            [Diem] => Array
                (
                    [1] => Array
                        (
                            [Diem15P_1] => 6
                            [Diem15P_2] => 6
                            [Diem1Tiet_1] => 5.5
                            [Diem1Tiet_2] => 6
                            [DiemCK] => 6.5
                            [DiemTBMonHoc] => 6.1
                        )

                    [2] => Array
                        (
                            [Diem15P_1] => 6
                            [Diem15P_2] => 5.5
                            [Diem1Tiet_1] => 5.5
                            [Diem1Tiet_2] => 6
                            [DiemCK] => 6
                            [DiemTBMonHoc] => 5.8
                        )

                    [3] => Array
                        (
                            [Diem15P_1] => 5.5
                            [Diem15P_2] => 5.5
                            [Diem1Tiet_1] => 5
                            [Diem1Tiet_2] => 5.5
                            [DiemCK] => 6
                            [DiemTBMonHoc] => 5.6
                        )

                    [4] => Array
                        (
                            [Diem15P_1] => 5.5
                            [Diem15P_2] => 5
                            [Diem1Tiet_1] => 5.5
                            [Diem1Tiet_2] => 5
                            [DiemCK] => 5.5
                            [DiemTBMonHoc] => 5.3
                        )

                )

            [DiemHK] => 100
            [DiemTrungBinh] => 5.7
            [HocLuc] => Trung bình
            [DanhHieu] => Học sinh Trung bình
        )

    [HS0090] => Array
        (
            [MaHS] => HS0090
            [HoTen] => Trương Minh Triết
            [TenLop] => 10_1
            [Diem] => Array
                (
                    [1] => Array
                        (
                            [Diem15P_1] => 4.5
                            [Diem15P_2] => 5
                            [Diem1Tiet_1] => 5
                            [Diem1Tiet_2] => 5.5
                            [DiemCK] => 5.5
                            [DiemTBMonHoc] => 5.2
                        )

                    [2] => Array
                        (
                            [Diem15P_1] => 5
                            [Diem15P_2] => 5
                            [Diem1Tiet_1] => 5
                            [Diem1Tiet_2] => 5.5
                            [DiemCK] => 5
                            [DiemTBMonHoc] => 5.1
                        )

                    [3] => Array
                        (
                            [Diem15P_1] => 5
                            [Diem15P_2] => 4.5
                            [Diem1Tiet_1] => 5
                            [Diem1Tiet_2] => 5
                            [DiemCK] => 5
                            [DiemTBMonHoc] => 4.9
                        )

                    [4] => Array
                        (
                            [Diem15P_1] => 5.5
                            [Diem15P_2] => 5
                            [Diem1Tiet_1] => 5
                            [Diem1Tiet_2] => 5.5
                            [DiemCK] => 5
                            [DiemTBMonHoc] => 5.2
                        )

                )

            [DiemHK] => 100
            [DiemTrungBinh] => 5.1
            [HocLuc] => Trung bình
            [DanhHieu] => Học sinh Trung bình
        )

    [HS0091] => Array
        (
            [MaHS] => HS0091
            [HoTen] => Lê Thiên Hương
            [TenLop] => 10_1
            [Diem] => Array
                (
                    [1] => Array
                        (
                            [Diem15P_1] => 8.5
                            [Diem15P_2] => 9
                            [Diem1Tiet_1] => 8
                            [Diem1Tiet_2] => 8.5
                            [DiemCK] => 9.5
                            [DiemTBMonHoc] => 8.8
                        )

                    [2] => Array
                        (
                            [Diem15P_1] => 9
                            [Diem15P_2] => 8.5
                            [Diem1Tiet_1] => 8.5
                            [Diem1Tiet_2] => 9
                            [DiemCK] => 9.5
                            [DiemTBMonHoc] => 9
                        )

                    [3] => Array
                        (
                            [Diem15P_1] => 8
                            [Diem15P_2] => 8.5
                            [Diem1Tiet_1] => 8.5
                            [Diem1Tiet_2] => 9
                            [DiemCK] => 9
                            [DiemTBMonHoc] => 8.7
                        )

                    [4] => Array
                        (
                            [Diem15P_1] => 9.5
                            [Diem15P_2] => 9
                            [Diem1Tiet_1] => 8.5
                            [Diem1Tiet_2] => 9
                            [DiemCK] => 9.5
                            [DiemTBMonHoc] => 9.1
                        )

                )

            [DiemHK] => 100
            [DiemTrungBinh] => 8.9
            [HocLuc] => Giỏi
            [DanhHieu] => Học sinh Giỏi
        )

    [HS0092] => Array
        (
            [MaHS] => HS0092
            [HoTen] => Nguyễn Minh Kiên
            [TenLop] => 10_1
            [Diem] => Array
                (
                    [1] => Array
                        (
                            [Diem15P_1] => 8
                            [Diem15P_2] => 8.5
                            [Diem1Tiet_1] => 8.5
                            [Diem1Tiet_2] => 9
                            [DiemCK] => 9
                            [DiemTBMonHoc] => 8.7
                        )

                    [2] => Array
                        (
                            [Diem15P_1] => 9
                            [Diem15P_2] => 9.5
                            [Diem1Tiet_1] => 8.5
                            [Diem1Tiet_2] => 8
                            [DiemCK] => 9.5
                            [DiemTBMonHoc] => 8.9
                        )

                    [3] => Array
                        (
                            [Diem15P_1] => 8.5
                            [Diem15P_2] => 8.5
                            [Diem1Tiet_1] => 8
                            [Diem1Tiet_2] => 8.5
                            [DiemCK] => 9
                            [DiemTBMonHoc] => 8.6
                        )

                    [4] => Array
                        (
                            [Diem15P_1] => 9
                            [Diem15P_2] => 8.5
                            [Diem1Tiet_1] => 8.5
                            [Diem1Tiet_2] => 9
                            [DiemCK] => 9.5
                            [DiemTBMonHoc] => 9
                        )

                )

            [DiemHK] => 100
            [DiemTrungBinh] => 8.8
            [HocLuc] => Giỏi
            [DanhHieu] => Học sinh Giỏi
        )

    [HS0093] => Array
        (
            [MaHS] => HS0093
            [HoTen] => Đinh Thi Thảo
            [TenLop] => 10_1
            [Diem] => Array
                (
                    [1] => Array
                        (
                            [Diem15P_1] => 7.5
                            [Diem15P_2] => 8
                            [Diem1Tiet_1] => 7.5
                            [Diem1Tiet_2] => 8
                            [DiemCK] => 8.5
                            [DiemTBMonHoc] => 8
                        )

                    [2] => Array
                        (
                            [Diem15P_1] => 8
                            [Diem15P_2] => 7.5
                            [Diem1Tiet_1] => 8
                            [Diem1Tiet_2] => 7.5
                            [DiemCK] => 8
                            [DiemTBMonHoc] => 7.8
                        )

                    [3] => Array
                        (
                            [Diem15P_1] => 7.5
                            [Diem15P_2] => 8
                            [Diem1Tiet_1] => 8
                            [Diem1Tiet_2] => 8.5
                            [DiemCK] => 8.5
                            [DiemTBMonHoc] => 8.2
                        )

                    [4] => Array
                        (
                            [Diem15P_1] => 8
                            [Diem15P_2] => 8
                            [Diem1Tiet_1] => 7.5
                            [Diem1Tiet_2] => 8
                            [DiemCK] => 8.5
                            [DiemTBMonHoc] => 8.1
                        )

                )

            [DiemHK] => 100
            [DiemTrungBinh] => 8
            [HocLuc] => Giỏi
            [DanhHieu] => Học sinh Giỏi
        )

    [HS0094] => Array
        (
            [MaHS] => HS0094
            [HoTen] => Trần Huy Thông
            [TenLop] => 10_1
            [Diem] => Array
                (
                    [1] => Array
                        (
                            [Diem15P_1] => 8
                            [Diem15P_2] => 8.5
                            [Diem1Tiet_1] => 8
                            [Diem1Tiet_2] => 8.5
                            [DiemCK] => 9
                            [DiemTBMonHoc] => 8.5
                        )

                    [2] => Array
                        (
                            [Diem15P_1] => 8.5
                            [Diem15P_2] => 8
                            [Diem1Tiet_1] => 8
                            [Diem1Tiet_2] => 8.5
                            [DiemCK] => 8.5
                            [DiemTBMonHoc] => 8.3
                        )

                    [3] => Array
                        (
                            [Diem15P_1] => 8
                            [Diem15P_2] => 8
                            [Diem1Tiet_1] => 7.5
                            [Diem1Tiet_2] => 8
                            [DiemCK] => 8.5
                            [DiemTBMonHoc] => 8.1
                        )

                    [4] => Array
                        (
                            [Diem15P_1] => 7.5
                            [Diem15P_2] => 8
                            [Diem1Tiet_1] => 8
                            [Diem1Tiet_2] => 7.5
                            [DiemCK] => 8
                            [DiemTBMonHoc] => 7.8
                        )

                )

            [DiemHK] => 100
            [DiemTrungBinh] => 8.2
            [HocLuc] => Giỏi
            [DanhHieu] => Học sinh Giỏi
        )

    [HS0095] => Array
        (
            [MaHS] => HS0095
            [HoTen] => Nguyễn Kiều Oanh
            [TenLop] => 10_1
            [Diem] => Array
                (
                    [1] => Array
                        (
                            [Diem15P_1] => 8
                            [Diem15P_2] => 8.5
                            [Diem1Tiet_1] => 7.5
                            [Diem1Tiet_2] => 8
                            [DiemCK] => 8
                            [DiemTBMonHoc] => 7.9
                        )

                    [2] => Array
                        (
                            [Diem15P_1] => 8
                            [Diem15P_2] => 7.5
                            [Diem1Tiet_1] => 8
                            [Diem1Tiet_2] => 8
                            [DiemCK] => 8.5
                            [DiemTBMonHoc] => 8.1
                        )

                    [3] => Array
                        (
                            [Diem15P_1] => 7.5
                            [Diem15P_2] => 8
                            [Diem1Tiet_1] => 8
                            [Diem1Tiet_2] => 7.5
                            [DiemCK] => 8
                            [DiemTBMonHoc] => 7.8
                        )

                    [4] => Array
                        (
                            [Diem15P_1] => 8
                            [Diem15P_2] => 7.5
                            [Diem1Tiet_1] => 7.5
                            [Diem1Tiet_2] => 8
                            [DiemCK] => 8.5
                            [DiemTBMonHoc] => 8
                        )

                )

            [DiemHK] => 100
            [DiemTrungBinh] => 8
            [HocLuc] => Giỏi
            [DanhHieu] => Học sinh Giỏi
        )

)

INFO - 2025-06-03 04:16:56 --> Session: Class initialized using 'CodeIgniter\Session\Handlers\FileHandler' driver.
INFO - 2025-06-03 04:17:02 --> Session: Class initialized using 'CodeIgniter\Session\Handlers\FileHandler' driver.
INFO - 2025-06-03 04:17:04 --> Session: Class initialized using 'CodeIgniter\Session\Handlers\FileHandler' driver.
INFO - 2025-06-03 04:17:14 --> Enrolled Student Data: Array
(
    [0] => Array
        (
            [NamHoc] => 2023-2024
            [SoLuongHS] => 60
        )

    [1] => Array
        (
            [NamHoc] => 2024-2025
            [SoLuongHS] => 70
        )

)

INFO - 2025-06-03 04:17:14 --> Warned Student Data: Array
(
)

INFO - 2025-06-03 04:17:14 --> Session: Class initialized using 'CodeIgniter\Session\Handlers\FileHandler' driver.
INFO - 2025-06-03 04:17:18 --> Session: Class initialized using 'CodeIgniter\Session\Handlers\FileHandler' driver.
INFO - 2025-06-03 04:17:21 --> Session: Class initialized using 'CodeIgniter\Session\Handlers\FileHandler' driver.
INFO - 2025-06-03 04:17:21 --> Session: Class initialized using 'CodeIgniter\Session\Handlers\FileHandler' driver.
INFO - 2025-06-03 04:17:21 --> Session: Class initialized using 'CodeIgniter\Session\Handlers\FileHandler' driver.
INFO - 2025-06-03 04:17:40 --> Session: Class initialized using 'CodeIgniter\Session\Handlers\FileHandler' driver.
INFO - 2025-06-03 04:17:40 --> Performance Statistics: Array
(
    [summary] => Array
        (
            [Giỏi] => Array
                (
                    [current] => 37
                    [previous] => 9
                )

            [Khá] => Array
                (
                    [current] => 21
                    [previous] => 6
                )

            [Trung bình] => Array
                (
                    [current] => 12
                    [previous] => 4
                )

            [Yếu] => Array
                (
                    [current] => 0
                    [previous] => 1
                )

        )

    [changes] => Array
        (
            [Giỏi] => 311.11
            [Khá] => 250
            [Trung bình] => 200
            [Yếu] => -100
        )

)

INFO - 2025-06-03 04:17:40 --> Session: Class initialized using 'CodeIgniter\Session\Handlers\FileHandler' driver.
INFO - 2025-06-03 04:17:44 --> Enrolled Student Data: Array
(
    [0] => Array
        (
            [NamHoc] => 2023-2024
            [SoLuongHS] => 60
        )

    [1] => Array
        (
            [NamHoc] => 2024-2025
            [SoLuongHS] => 70
        )

)

INFO - 2025-06-03 04:17:44 --> Warned Student Data: Array
(
)

INFO - 2025-06-03 04:17:44 --> Session: Class initialized using 'CodeIgniter\Session\Handlers\FileHandler' driver.
INFO - 2025-06-03 04:18:27 --> Performance Statistics: Array
(
    [summary] => Array
        (
            [Giỏi] => Array
                (
                    [current] => 37
                    [previous] => 9
                )

            [Khá] => Array
                (
                    [current] => 21
                    [previous] => 6
                )

            [Trung bình] => Array
                (
                    [current] => 12
                    [previous] => 4
                )

            [Yếu] => Array
                (
                    [current] => 0
                    [previous] => 1
                )

        )

    [changes] => Array
        (
            [Giỏi] => 311.11
            [Khá] => 250
            [Trung bình] => 200
            [Yếu] => -100
        )

)

INFO - 2025-06-03 04:18:27 --> Session: Class initialized using 'CodeIgniter\Session\Handlers\FileHandler' driver.
INFO - 2025-06-03 04:18:28 --> Session: Class initialized using 'CodeIgniter\Session\Handlers\FileHandler' driver.
INFO - 2025-06-03 04:18:54 --> Session: Class initialized using 'CodeIgniter\Session\Handlers\FileHandler' driver.
INFO - 2025-06-03 04:18:55 --> Session: Class initialized using 'CodeIgniter\Session\Handlers\FileHandler' driver.
INFO - 2025-06-03 04:44:16 --> Enrolled Student Data: Array
(
    [0] => Array
        (
            [NamHoc] => 2023-2024
            [SoLuongHS] => 60
        )

    [1] => Array
        (
            [NamHoc] => 2024-2025
            [SoLuongHS] => 70
        )

)

INFO - 2025-06-03 04:44:16 --> Warned Student Data: Array
(
)

INFO - 2025-06-03 04:44:16 --> Session: Class initialized using 'CodeIgniter\Session\Handlers\FileHandler' driver.
INFO - 2025-06-03 04:44:18 --> Session: Class initialized using 'CodeIgniter\Session\Handlers\FileHandler' driver.
INFO - 2025-06-03 04:44:20 --> Session: Class initialized using 'CodeIgniter\Session\Handlers\FileHandler' driver.
INFO - 2025-06-03 04:44:21 --> Session: Class initialized using 'CodeIgniter\Session\Handlers\FileHandler' driver.
INFO - 2025-06-03 04:44:22 --> Session: Class initialized using 'CodeIgniter\Session\Handlers\FileHandler' driver.
INFO - 2025-06-03 04:44:23 --> Session: Class initialized using 'CodeIgniter\Session\Handlers\FileHandler' driver.
INFO - 2025-06-03 04:44:25 --> Session: Class initialized using 'CodeIgniter\Session\Handlers\FileHandler' driver.
INFO - 2025-06-03 04:44:25 --> Session: Class initialized using 'CodeIgniter\Session\Handlers\FileHandler' driver.
INFO - 2025-06-03 04:44:25 --> Session: Class initialized using 'CodeIgniter\Session\Handlers\FileHandler' driver.
INFO - 2025-06-03 04:45:24 --> Session: Class initialized using 'CodeIgniter\Session\Handlers\FileHandler' driver.
INFO - 2025-06-03 04:45:24 --> Performance Statistics: Array
(
    [summary] => Array
        (
            [Giỏi] => Array
                (
                    [current] => 37
                    [previous] => 9
                )

            [Khá] => Array
                (
                    [current] => 21
                    [previous] => 6
                )

            [Trung bình] => Array
                (
                    [current] => 12
                    [previous] => 4
                )

            [Yếu] => Array
                (
                    [current] => 0
                    [previous] => 1
                )

        )

    [changes] => Array
        (
            [Giỏi] => 311.11
            [Khá] => 250
            [Trung bình] => 200
            [Yếu] => -100
        )

)

INFO - 2025-06-03 04:45:24 --> Session: Class initialized using 'CodeIgniter\Session\Handlers\FileHandler' driver.
INFO - 2025-06-03 04:45:27 --> Session: Class initialized using 'CodeIgniter\Session\Handlers\FileHandler' driver.
INFO - 2025-06-03 04:46:32 --> Session: Class initialized using 'CodeIgniter\Session\Handlers\FileHandler' driver.
INFO - 2025-06-03 04:46:37 --> Session: Class initialized using 'CodeIgniter\Session\Handlers\FileHandler' driver.
INFO - 2025-06-03 04:46:38 --> Session: Class initialized using 'CodeIgniter\Session\Handlers\FileHandler' driver.
INFO - 2025-06-03 04:46:40 --> Session: Class initialized using 'CodeIgniter\Session\Handlers\FileHandler' driver.
INFO - 2025-06-03 07:57:24 --> Session: Class initialized using 'CodeIgniter\Session\Handlers\FileHandler' driver.
INFO - 2025-06-03 07:57:34 --> Session: Class initialized using 'CodeIgniter\Session\Handlers\FileHandler' driver.
INFO - 2025-06-03 07:57:34 --> Performance Statistics: Array
(
    [summary] => Array
        (
            [Giỏi] => Array
                (
                    [current] => 37
                    [previous] => 9
                )

            [Khá] => Array
                (
                    [current] => 21
                    [previous] => 6
                )

            [Trung bình] => Array
                (
                    [current] => 12
                    [previous] => 4
                )

            [Yếu] => Array
                (
                    [current] => 0
                    [previous] => 1
                )

        )

    [changes] => Array
        (
            [Giỏi] => 311.11
            [Khá] => 250
            [Trung bình] => 200
            [Yếu] => -100
        )

)

INFO - 2025-06-03 07:57:34 --> Session: Class initialized using 'CodeIgniter\Session\Handlers\FileHandler' driver.
INFO - 2025-06-03 07:57:41 --> Session: Class initialized using 'CodeIgniter\Session\Handlers\FileHandler' driver.
INFO - 2025-06-03 07:57:41 --> Session: Class initialized using 'CodeIgniter\Session\Handlers\FileHandler' driver.
INFO - 2025-06-03 07:57:41 --> Session: Class initialized using 'CodeIgniter\Session\Handlers\FileHandler' driver.
INFO - 2025-06-03 07:58:04 --> Session: Class initialized using 'CodeIgniter\Session\Handlers\FileHandler' driver.
INFO - 2025-06-03 07:58:04 --> Session: Class initialized using 'CodeIgniter\Session\Handlers\FileHandler' driver.
INFO - 2025-06-03 07:58:16 --> Session: Class initialized using 'CodeIgniter\Session\Handlers\FileHandler' driver.
INFO - 2025-06-03 07:58:16 --> Performance Statistics: Array
(
    [summary] => Array
        (
            [Giỏi] => Array
                (
                    [current] => 37
                    [previous] => 9
                )

            [Khá] => Array
                (
                    [current] => 21
                    [previous] => 6
                )

            [Trung bình] => Array
                (
                    [current] => 12
                    [previous] => 4
                )

            [Yếu] => Array
                (
                    [current] => 0
                    [previous] => 1
                )

        )

    [changes] => Array
        (
            [Giỏi] => 311.11
            [Khá] => 250
            [Trung bình] => 200
            [Yếu] => -100
        )

)

INFO - 2025-06-03 07:58:16 --> Session: Class initialized using 'CodeIgniter\Session\Handlers\FileHandler' driver.
INFO - 2025-06-03 07:58:20 --> Session: Class initialized using 'CodeIgniter\Session\Handlers\FileHandler' driver.
INFO - 2025-06-03 07:58:22 --> Session: Class initialized using 'CodeIgniter\Session\Handlers\FileHandler' driver.
INFO - 2025-06-03 07:59:54 --> Session: Class initialized using 'CodeIgniter\Session\Handlers\FileHandler' driver.
INFO - 2025-06-03 08:00:27 --> Session: Class initialized using 'CodeIgniter\Session\Handlers\FileHandler' driver.
INFO - 2025-06-03 08:36:31 --> Session: Class initialized using 'CodeIgniter\Session\Handlers\FileHandler' driver.
