CRITICAL - 2024-11-19 16:22:27 --> CodeIgniter\View\Exceptions\ViewException: Invalid file: "components/table/directorStaticsConduct.php"
[Method: GET, Route: director/statics/grade]
in SYSTEMPATH\Exceptions\FrameworkException.php on line 41.
 1 SYSTEMPATH\View\View.php(222): CodeIgniter\Exceptions\FrameworkException::forInvalidFile('components/table/directorStaticsConduct.php')
 2 SYSTEMPATH\Common.php(1171): CodeIgniter\View\View->render('components/table/directorStaticsConduct', [], true)
 3 APPPATH\Views\director\statics\grade.php(11): view('components/table/directorStaticsConduct')
 4 SYSTEMPATH\View\View.php(234): include('C:\\xampp\\htdocs\\sms\\app\\Views\\director\\statics\\grade.php')
 5 SYSTEMPATH\View\View.php(237): CodeIgniter\View\View->CodeIgniter\View\{closure}()
 6 SYSTEMPATH\Common.php(1171): CodeIgniter\View\View->render('director/statics/grade', [], true)
 7 APPPATH\Controllers\DirectorController.php(26): view('director/statics/grade')
 8 SYSTEMPATH\CodeIgniter.php(933): App\Controllers\DirectorController->staticsGrade()
 9 SYSTEMPATH\CodeIgniter.php(509): CodeIgniter\CodeIgniter->runController(Object(App\Controllers\DirectorController))
10 SYSTEMPATH\CodeIgniter.php(355): CodeIgniter\CodeIgniter->handleRequest(null, Object(Config\Cache), false)
11 SYSTEMPATH\Boot.php(325): CodeIgniter\CodeIgniter->run()
12 SYSTEMPATH\Boot.php(67): CodeIgniter\Boot::runCodeIgniter(Object(CodeIgniter\CodeIgniter))
13 FCPATH\index.php(56): CodeIgniter\Boot::bootWeb(Object(Config\Paths))
CRITICAL - 2024-11-19 18:36:37 --> CodeIgniter\View\Exceptions\ViewException: Invalid file: "components/button_add.php"
[Method: GET, Route: director/student/list]
in SYSTEMPATH\Exceptions\FrameworkException.php on line 41.
 1 SYSTEMPATH\View\View.php(222): CodeIgniter\Exceptions\FrameworkException::forInvalidFile('components/button_add.php')
 2 SYSTEMPATH\Common.php(1171): CodeIgniter\View\View->render('components/button_add', [], true)
 3 APPPATH\Views\director\student\list.php(15): view('components/button_add', [...])
 4 SYSTEMPATH\View\View.php(234): include('C:\\xampp\\htdocs\\sms\\app\\Views\\director\\student\\list.php')
 5 SYSTEMPATH\View\View.php(237): CodeIgniter\View\View->CodeIgniter\View\{closure}()
 6 SYSTEMPATH\Common.php(1171): CodeIgniter\View\View->render('director/student/list', [], true)
 7 APPPATH\Controllers\DirectorController.php(46): view('director/student/list')
 8 SYSTEMPATH\CodeIgniter.php(933): App\Controllers\DirectorController->studentList()
 9 SYSTEMPATH\CodeIgniter.php(509): CodeIgniter\CodeIgniter->runController(Object(App\Controllers\DirectorController))
10 SYSTEMPATH\CodeIgniter.php(355): CodeIgniter\CodeIgniter->handleRequest(null, Object(Config\Cache), false)
11 SYSTEMPATH\Boot.php(325): CodeIgniter\CodeIgniter->run()
12 SYSTEMPATH\Boot.php(67): CodeIgniter\Boot::runCodeIgniter(Object(CodeIgniter\CodeIgniter))
13 FCPATH\index.php(56): CodeIgniter\Boot::bootWeb(Object(Config\Paths))
CRITICAL - 2024-11-19 19:07:34 --> Error: Call to undefined function statusButton()
[Method: GET, Route: director/student/list]
in APPPATH\Views\components\tables\directorStudentList.php on line 23.
 1 SYSTEMPATH\View\View.php(234): include()
 2 SYSTEMPATH\View\View.php(237): CodeIgniter\View\View->CodeIgniter\View\{closure}()
 3 SYSTEMPATH\Common.php(1171): CodeIgniter\View\View->render('components/tables/directorStudentList', [], true)
 4 APPPATH\Views\director\student\list.php(22): view('components/tables/directorStudentList')
 5 SYSTEMPATH\View\View.php(234): include('C:\\xampp\\htdocs\\sms\\app\\Views\\director\\student\\list.php')
 6 SYSTEMPATH\View\View.php(237): CodeIgniter\View\View->CodeIgniter\View\{closure}()
 7 SYSTEMPATH\Common.php(1171): CodeIgniter\View\View->render('director/student/list', [], true)
 8 APPPATH\Controllers\DirectorController.php(46): view('director/student/list')
 9 SYSTEMPATH\CodeIgniter.php(933): App\Controllers\DirectorController->studentList()
10 SYSTEMPATH\CodeIgniter.php(509): CodeIgniter\CodeIgniter->runController(Object(App\Controllers\DirectorController))
11 SYSTEMPATH\CodeIgniter.php(355): CodeIgniter\CodeIgniter->handleRequest(null, Object(Config\Cache), false)
12 SYSTEMPATH\Boot.php(325): CodeIgniter\CodeIgniter->run()
13 SYSTEMPATH\Boot.php(67): CodeIgniter\Boot::runCodeIgniter(Object(CodeIgniter\CodeIgniter))
14 FCPATH\index.php(56): CodeIgniter\Boot::bootWeb(Object(Config\Paths))
CRITICAL - 2024-11-19 19:07:35 --> Error: Call to undefined function statusButton()
[Method: GET, Route: director/student/list]
in APPPATH\Views\components\tables\directorStudentList.php on line 23.
 1 SYSTEMPATH\View\View.php(234): include()
 2 SYSTEMPATH\View\View.php(237): CodeIgniter\View\View->CodeIgniter\View\{closure}()
 3 SYSTEMPATH\Common.php(1171): CodeIgniter\View\View->render('components/tables/directorStudentList', [], true)
 4 APPPATH\Views\director\student\list.php(22): view('components/tables/directorStudentList')
 5 SYSTEMPATH\View\View.php(234): include('C:\\xampp\\htdocs\\sms\\app\\Views\\director\\student\\list.php')
 6 SYSTEMPATH\View\View.php(237): CodeIgniter\View\View->CodeIgniter\View\{closure}()
 7 SYSTEMPATH\Common.php(1171): CodeIgniter\View\View->render('director/student/list', [], true)
 8 APPPATH\Controllers\DirectorController.php(46): view('director/student/list')
 9 SYSTEMPATH\CodeIgniter.php(933): App\Controllers\DirectorController->studentList()
10 SYSTEMPATH\CodeIgniter.php(509): CodeIgniter\CodeIgniter->runController(Object(App\Controllers\DirectorController))
11 SYSTEMPATH\CodeIgniter.php(355): CodeIgniter\CodeIgniter->handleRequest(null, Object(Config\Cache), false)
12 SYSTEMPATH\Boot.php(325): CodeIgniter\CodeIgniter->run()
13 SYSTEMPATH\Boot.php(67): CodeIgniter\Boot::runCodeIgniter(Object(CodeIgniter\CodeIgniter))
14 FCPATH\index.php(56): CodeIgniter\Boot::bootWeb(Object(Config\Paths))
CRITICAL - 2024-11-19 19:11:11 --> Error: Call to undefined function statusButton()
[Method: GET, Route: director/student/list]
in APPPATH\Views\components\tables\directorStudentList.php on line 24.
 1 SYSTEMPATH\View\View.php(234): include()
 2 SYSTEMPATH\View\View.php(237): CodeIgniter\View\View->CodeIgniter\View\{closure}()
 3 SYSTEMPATH\Common.php(1171): CodeIgniter\View\View->render('components/tables/directorStudentList', [], true)
 4 APPPATH\Views\director\student\list.php(22): view('components/tables/directorStudentList')
 5 SYSTEMPATH\View\View.php(234): include('C:\\xampp\\htdocs\\sms\\app\\Views\\director\\student\\list.php')
 6 SYSTEMPATH\View\View.php(237): CodeIgniter\View\View->CodeIgniter\View\{closure}()
 7 SYSTEMPATH\Common.php(1171): CodeIgniter\View\View->render('director/student/list', [], true)
 8 APPPATH\Controllers\DirectorController.php(46): view('director/student/list')
 9 SYSTEMPATH\CodeIgniter.php(933): App\Controllers\DirectorController->studentList()
10 SYSTEMPATH\CodeIgniter.php(509): CodeIgniter\CodeIgniter->runController(Object(App\Controllers\DirectorController))
11 SYSTEMPATH\CodeIgniter.php(355): CodeIgniter\CodeIgniter->handleRequest(null, Object(Config\Cache), false)
12 SYSTEMPATH\Boot.php(325): CodeIgniter\CodeIgniter->run()
13 SYSTEMPATH\Boot.php(67): CodeIgniter\Boot::runCodeIgniter(Object(CodeIgniter\CodeIgniter))
14 FCPATH\index.php(56): CodeIgniter\Boot::bootWeb(Object(Config\Paths))
CRITICAL - 2024-11-19 19:12:47 --> Error: Call to undefined function statusButton()
[Method: GET, Route: director/student/list]
in APPPATH\Views\components\tables\directorStudentList.php on line 24.
 1 SYSTEMPATH\View\View.php(234): include()
 2 SYSTEMPATH\View\View.php(237): CodeIgniter\View\View->CodeIgniter\View\{closure}()
 3 SYSTEMPATH\Common.php(1171): CodeIgniter\View\View->render('components/tables/directorStudentList', [], true)
 4 APPPATH\Views\director\student\list.php(22): view('components/tables/directorStudentList')
 5 SYSTEMPATH\View\View.php(234): include('C:\\xampp\\htdocs\\sms\\app\\Views\\director\\student\\list.php')
 6 SYSTEMPATH\View\View.php(237): CodeIgniter\View\View->CodeIgniter\View\{closure}()
 7 SYSTEMPATH\Common.php(1171): CodeIgniter\View\View->render('director/student/list', [], true)
 8 APPPATH\Controllers\DirectorController.php(46): view('director/student/list')
 9 SYSTEMPATH\CodeIgniter.php(933): App\Controllers\DirectorController->studentList()
10 SYSTEMPATH\CodeIgniter.php(509): CodeIgniter\CodeIgniter->runController(Object(App\Controllers\DirectorController))
11 SYSTEMPATH\CodeIgniter.php(355): CodeIgniter\CodeIgniter->handleRequest(null, Object(Config\Cache), false)
12 SYSTEMPATH\Boot.php(325): CodeIgniter\CodeIgniter->run()
13 SYSTEMPATH\Boot.php(67): CodeIgniter\Boot::runCodeIgniter(Object(CodeIgniter\CodeIgniter))
14 FCPATH\index.php(56): CodeIgniter\Boot::bootWeb(Object(Config\Paths))
