INFO - 2024-12-12 13:37:48 --> Session: Class initialized using 'CodeIgniter\Session\Handlers\FileHandler' driver.
INFO - 2024-12-12 13:38:03 --> Session: Class initialized using 'CodeIgniter\Session\Handlers\FileHandler' driver.
DEBUG - 2024-12-12 13:38:03 --> Username: BGH0001
DEBUG - 2024-12-12 13:38:03 --> Password: 123abc
DEBUG - 2024-12-12 13:38:04 --> User found: Array
(
    [MaTK] => 1
    [TenTK] => BGH0001
    [MatKhau] => 123abc
    [Email] => hieu.truong@example.com
    [HoTen] => Trần Đình Phương Linh
    [SoDienThoai] => 0901234567
    [DiaChi] => 123 Lê Lợi, Hồ Chí Minh
    [GioiTinh] => Nữ
    [NgaySinh] => 1970-05-12
    [MaVT] => 1
    [TenVT] => Ban giám hiệu
)

DEBUG - 2024-12-12 13:38:04 --> Username: BGH0001
DEBUG - 2024-12-12 13:38:04 --> Username: BGH0001
DEBUG - 2024-12-12 13:38:04 --> Login successful for user: BGH0001
INFO - 2024-12-12 13:38:04 --> Session: Class initialized using 'CodeIgniter\Session\Handlers\FileHandler' driver.
INFO - 2024-12-12 13:38:54 --> Session: Class initialized using 'CodeIgniter\Session\Handlers\FileHandler' driver.
INFO - 2024-12-12 14:01:23 --> Session: Class initialized using 'CodeIgniter\Session\Handlers\FileHandler' driver.
INFO - 2024-12-12 14:01:24 --> Session: Class initialized using 'CodeIgniter\Session\Handlers\FileHandler' driver.
INFO - 2024-12-12 14:01:39 --> Session: Class initialized using 'CodeIgniter\Session\Handlers\FileHandler' driver.
